/cluster/raid/home/zhivar.sourati/ProtoTEx
Sun Oct 23 21:53:03 2022       
+-----------------------------------------------------------------------------+
| NVIDIA-SMI 460.32.03    Driver Version: 460.32.03    CUDA Version: 11.2     |
|-------------------------------+----------------------+----------------------+
| GPU  Name        Persistence-M| Bus-Id        Disp.A | Volatile Uncorr. ECC |
| Fan  Temp  Perf  Pwr:Usage/Cap|         Memory-Usage | GPU-Util  Compute M. |
|                               |                      |               MIG M. |
|===============================+======================+======================|
|   0  A100-PCIE-40GB      Off  | 00000000:27:00.0 Off |                    0 |
| N/A   28C    P0    33W / 250W |      0MiB / 40536MiB |      0%      Default |
|                               |                      |             Disabled |
+-------------------------------+----------------------+----------------------+
                                                                               
+-----------------------------------------------------------------------------+
| Processes:                                                                  |
|  GPU   GI   CI        PID   Type   Process name                  GPU Memory |
|        ID   ID                                                   Usage      |
|=============================================================================|
|  No running processes found                                                 |
+-----------------------------------------------------------------------------+
0
ProtoTEx best model: 20, 19
initializing prototypes with xavier init
VAL SCORES epoch -1 Total loss 0.6987 

VAL SCORES epoch -1 Prec [0.73789847 0.38468085] 

VAL SCORES epoch -1 Recall [0.46364985 0.67062315] 

VAL SCORES epoch -1 F1 [0.56947608 0.48891293] 


ALERT!!! Shared variable is shared by encoder_input_embeddings and decoder_input_embeddings
delta training:   0%|          | 0/1021 [00:00<?, ?batches/s]
ALERT!!! Shared variable is shared by encoder_input_embeddings and decoder_input_embeddings
gamma training:   0%|          | 0/1021 [00:00<?, ?batches/s]
gamma training:   0%|          | 0/1021 [00:00<?, ?batches/s]
TRAIN SCORES epoch 0 Total loss 0.5984 

TRAIN SCORES epoch 0 Prec [0.82346068 0.73345139] 

TRAIN SCORES epoch 0 Recall [0.69037124 0.85199334] 

TRAIN SCORES epoch 0 F1 [0.75106564 0.78829074] 


VAL SCORES epoch 0 Total loss 0.6252 

VAL SCORES epoch 0 Prec [0.89270833 0.53766478] 

VAL SCORES epoch 0 Recall [0.63575668 0.84718101] 

VAL SCORES epoch 0 F1 [0.74263432 0.6578341 ] 


[92m Validation score improved (-inf --> 0.7002). [0m
TEST SCORES epoch 0 Total loss 0.6163 

TEST SCORES epoch 0 Prec [0.92610619 0.51596053] 

TEST SCORES epoch 0 Recall [0.71506662 0.84185606] 

TEST SCORES epoch 0 F1 [0.80701754 0.63979849] 


ALERT!!! Shared variable is shared by encoder_input_embeddings and decoder_input_embeddings
delta training:   0%|          | 0/1021 [00:00<?, ?batches/s]
ALERT!!! Shared variable is shared by encoder_input_embeddings and decoder_input_embeddings
gamma training:   0%|          | 0/1021 [00:00<?, ?batches/s]
gamma training:   0%|          | 0/1021 [00:00<?, ?batches/s]
TRAIN SCORES epoch 1 Total loss 0.5259 

TRAIN SCORES epoch 1 Prec [0.71781879 0.90022235] 

TRAIN SCORES epoch 1 Recall [0.9296699  0.63453815] 

TRAIN SCORES epoch 1 F1 [0.81012334 0.7443838 ] 


VAL SCORES epoch 1 Total loss 0.5267 

VAL SCORES epoch 1 Prec [0.79226737 0.71975806] 

VAL SCORES epoch 1 Recall [0.89688427 0.52967359] 

VAL SCORES epoch 1 F1 [0.84133612 0.61025641] 


[92m Validation score improved (0.7002 --> 0.7258). [0m
TEST SCORES epoch 1 Total loss 0.4957 

TEST SCORES epoch 1 Prec [0.84373011 0.67181926] 

TEST SCORES epoch 1 Recall [0.9057055  0.53503788] 

TEST SCORES epoch 1 F1 [0.87362004 0.59567739] 


ALERT!!! Shared variable is shared by encoder_input_embeddings and decoder_input_embeddings
delta training:   0%|          | 0/1021 [00:00<?, ?batches/s]
ALERT!!! Shared variable is shared by encoder_input_embeddings and decoder_input_embeddings
gamma training:   0%|          | 0/1021 [00:00<?, ?batches/s]
gamma training:   0%|          | 0/1021 [00:00<?, ?batches/s]
TRAIN SCORES epoch 2 Total loss 0.3791 

TRAIN SCORES epoch 2 Prec [0.85564874 0.85053   ] 

TRAIN SCORES epoch 2 Recall [0.84944657 0.85669507] 

TRAIN SCORES epoch 2 F1 [0.85253637 0.85360141] 


VAL SCORES epoch 2 Total loss 0.5332 

VAL SCORES epoch 2 Prec [0.83360522 0.59045226] 

VAL SCORES epoch 2 Recall [0.75816024 0.69732938] 

VAL SCORES epoch 2 F1 [0.79409479 0.63945578] 


[93m EarlyStopping counter: 1 out of 7 [0m
ALERT!!! Shared variable is shared by encoder_input_embeddings and decoder_input_embeddings
delta training:   0%|          | 0/1021 [00:00<?, ?batches/s]
ALERT!!! Shared variable is shared by encoder_input_embeddings and decoder_input_embeddings
gamma training:   0%|          | 0/1021 [00:00<?, ?batches/s]
gamma training:   0%|          | 0/1021 [00:00<?, ?batches/s]
TRAIN SCORES epoch 3 Total loss 0.2948 

TRAIN SCORES epoch 3 Prec [0.90451859 0.88684488] 

TRAIN SCORES epoch 3 Recall [0.88431776 0.90665099] 

TRAIN SCORES epoch 3 F1 [0.89430411 0.89663857] 


VAL SCORES epoch 3 Total loss 0.5505 

VAL SCORES epoch 3 Prec [0.83863081 0.59874214] 

VAL SCORES epoch 3 Recall [0.76335312 0.70623145] 

VAL SCORES epoch 3 F1 [0.7992233 0.6480599] 


[93m EarlyStopping counter: 2 out of 7 [0m
ALERT!!! Shared variable is shared by encoder_input_embeddings and decoder_input_embeddings
delta training:   0%|          | 0/1021 [00:00<?, ?batches/s]
ALERT!!! Shared variable is shared by encoder_input_embeddings and decoder_input_embeddings
gamma training:   0%|          | 0/1021 [00:00<?, ?batches/s]
gamma training:   0%|          | 0/1021 [00:00<?, ?batches/s]
TRAIN SCORES epoch 4 Total loss 0.2262 

TRAIN SCORES epoch 4 Prec [0.91401214 0.94245187] 

TRAIN SCORES epoch 4 Recall [0.94436282 0.91115682] 

TRAIN SCORES epoch 4 F1 [0.92893963 0.92654017] 


VAL SCORES epoch 4 Total loss 0.5502 

VAL SCORES epoch 4 Prec [0.81390297 0.65054602] 

VAL SCORES epoch 4 Recall [0.83382789 0.61869436] 

VAL SCORES epoch 4 F1 [0.82374496 0.63422053] 


[92m Validation score improved (0.7258 --> 0.7290). [0m
TEST SCORES epoch 4 Total loss 0.4736 

TEST SCORES epoch 4 Prec [0.86843021 0.61081081] 

TEST SCORES epoch 4 Recall [0.85240861 0.64204545] 

TEST SCORES epoch 4 F1 [0.86034483 0.62603878] 


ALERT!!! Shared variable is shared by encoder_input_embeddings and decoder_input_embeddings
delta training:   0%|          | 0/1021 [00:00<?, ?batches/s]
ALERT!!! Shared variable is shared by encoder_input_embeddings and decoder_input_embeddings
gamma training:   0%|          | 0/1021 [00:00<?, ?batches/s]
gamma training:   0%|          | 0/1021 [00:00<?, ?batches/s]
TRAIN SCORES epoch 5 Total loss 0.1946 

TRAIN SCORES epoch 5 Prec [0.96516182 0.92114595] 

TRAIN SCORES epoch 5 Recall [0.9172299  0.96689196] 

TRAIN SCORES epoch 5 F1 [0.94058561 0.94346476] 


VAL SCORES epoch 5 Total loss 0.6313 

VAL SCORES epoch 5 Prec [0.83799342 0.59181141] 

VAL SCORES epoch 5 Recall [0.75593472 0.70771513] 

VAL SCORES epoch 5 F1 [0.79485179 0.64459459] 


[93m EarlyStopping counter: 1 out of 7 [0m
ALERT!!! Shared variable is shared by encoder_input_embeddings and decoder_input_embeddings
delta training:   0%|          | 0/1021 [00:00<?, ?batches/s]
ALERT!!! Shared variable is shared by encoder_input_embeddings and decoder_input_embeddings
gamma training:   0%|          | 0/1021 [00:00<?, ?batches/s]
gamma training:   0%|          | 0/1021 [00:00<?, ?batches/s]
TRAIN SCORES epoch 6 Total loss 0.1475 

TRAIN SCORES epoch 6 Prec [0.97059709 0.94862719] 

TRAIN SCORES epoch 6 Recall [0.94739935 0.97129983] 

TRAIN SCORES epoch 6 F1 [0.95885794 0.95982964] 


VAL SCORES epoch 6 Total loss 0.6780 

VAL SCORES epoch 6 Prec [0.8276131  0.61216216] 

VAL SCORES epoch 6 Recall [0.78709199 0.67210682] 

VAL SCORES epoch 6 F1 [0.80684411 0.6407355 ] 


[93m EarlyStopping counter: 2 out of 7 [0m
ALERT!!! Shared variable is shared by encoder_input_embeddings and decoder_input_embeddings
delta training:   0%|          | 0/1021 [00:00<?, ?batches/s]
ALERT!!! Shared variable is shared by encoder_input_embeddings and decoder_input_embeddings
gamma training:   0%|          | 0/1021 [00:00<?, ?batches/s]
gamma training:   0%|          | 0/1021 [00:00<?, ?batches/s]
TRAIN SCORES epoch 7 Total loss 0.1183 

TRAIN SCORES epoch 7 Prec [0.9760485 0.9625338] 

TRAIN SCORES epoch 7 Recall [0.96199432 0.97639338] 

TRAIN SCORES epoch 7 F1 [0.96897045 0.96941405] 


VAL SCORES epoch 7 Total loss 0.6808 

VAL SCORES epoch 7 Prec [0.82357473 0.61464088] 

VAL SCORES epoch 7 Recall [0.79302671 0.66023739] 

VAL SCORES epoch 7 F1 [0.80801209 0.63662375] 


[93m EarlyStopping counter: 3 out of 7 [0m
ALERT!!! Shared variable is shared by encoder_input_embeddings and decoder_input_embeddings
delta training:   0%|          | 0/1021 [00:00<?, ?batches/s]
ALERT!!! Shared variable is shared by encoder_input_embeddings and decoder_input_embeddings
gamma training:   0%|          | 0/1021 [00:00<?, ?batches/s]
gamma training:   0%|          | 0/1021 [00:00<?, ?batches/s]
TRAIN SCORES epoch 8 Total loss 0.1046 

TRAIN SCORES epoch 8 Prec [0.98647148 0.9583373 ] 

TRAIN SCORES epoch 8 Recall [0.95709668 0.98687433] 

TRAIN SCORES epoch 8 F1 [0.9715621  0.97239649] 


VAL SCORES epoch 8 Total loss 0.7583 

VAL SCORES epoch 8 Prec [0.82850242 0.59102564] 

VAL SCORES epoch 8 Recall [0.76335312 0.68397626] 

VAL SCORES epoch 8 F1 [0.79459459 0.63411279] 


[93m EarlyStopping counter: 4 out of 7 [0m
ALERT!!! Shared variable is shared by encoder_input_embeddings and decoder_input_embeddings
delta training:   0%|          | 0/1021 [00:00<?, ?batches/s]
ALERT!!! Shared variable is shared by encoder_input_embeddings and decoder_input_embeddings
gamma training:   0%|          | 0/1021 [00:00<?, ?batches/s]
gamma training:   0%|          | 0/1021 [00:00<?, ?batches/s]
TRAIN SCORES epoch 9 Total loss 0.0817 

TRAIN SCORES epoch 9 Prec [0.98927641 0.96762452] 

TRAIN SCORES epoch 9 Recall [0.96689196 0.98951905] 

TRAIN SCORES epoch 9 F1 [0.97795611 0.97844932] 


VAL SCORES epoch 9 Total loss 0.7998 

VAL SCORES epoch 9 Prec [0.82460317 0.59448819] 

VAL SCORES epoch 9 Recall [0.77077151 0.67210682] 

VAL SCORES epoch 9 F1 [0.79677914 0.63091922] 


[93m EarlyStopping counter: 5 out of 7 [0m
Early Stopping TEST SCORES (not the best ones) epoch 9 Total loss 0.6368 

Early Stopping TEST SCORES (not the best ones) epoch 9 Prec [0.87931034 0.5581749 ] 

Early Stopping TEST SCORES (not the best ones) epoch 9 Recall [0.80150325 0.69507576] 

Early Stopping TEST SCORES (not the best ones) epoch 9 F1 [0.8386059  0.61914804] 


ALERT!!! Shared variable is shared by encoder_input_embeddings and decoder_input_embeddings
delta training:   0%|          | 0/1021 [00:00<?, ?batches/s]
ALERT!!! Shared variable is shared by encoder_input_embeddings and decoder_input_embeddings
gamma training:   0%|          | 0/1021 [00:00<?, ?batches/s]
gamma training:   0%|          | 0/1021 [00:00<?, ?batches/s]
TRAIN SCORES epoch 10 Total loss 0.0669 

TRAIN SCORES epoch 10 Prec [0.98395774 0.98528691] 

TRAIN SCORES epoch 10 Recall [0.98530708 0.98393574] 

TRAIN SCORES epoch 10 F1 [0.98463195 0.98461086] 


VAL SCORES epoch 10 Total loss 0.8106 

VAL SCORES epoch 10 Prec [0.8        0.62998405] 

VAL SCORES epoch 10 Recall [0.82789318 0.58605341] 

VAL SCORES epoch 10 F1 [0.81370762 0.60722521] 


[93m EarlyStopping counter: 6 out of 7 [0m
ALERT!!! Shared variable is shared by encoder_input_embeddings and decoder_input_embeddings
delta training:   0%|          | 0/1021 [00:00<?, ?batches/s]
ALERT!!! Shared variable is shared by encoder_input_embeddings and decoder_input_embeddings
gamma training:   0%|          | 0/1021 [00:00<?, ?batches/s]
gamma training:   0%|          | 0/1021 [00:00<?, ?batches/s]
TRAIN SCORES epoch 11 Total loss 0.0962 

TRAIN SCORES epoch 11 Prec [0.99448345 0.97186064] 

TRAIN SCORES epoch 11 Recall [0.97120188 0.9946126 ] 

TRAIN SCORES epoch 11 F1 [0.98270479 0.983105  ] 


VAL SCORES epoch 11 Total loss 0.8154 

VAL SCORES epoch 11 Prec [0.82959268 0.57264957] 

VAL SCORES epoch 11 Recall [0.74035608 0.6958457 ] 

VAL SCORES epoch 11 F1 [0.78243826 0.62826524] 


[93m EarlyStopping counter: 7 out of 7 [0m
