/cluster/raid/home/zhivar.sourati/ProtoTEx
Mon Oct 24 05:02:10 2022       
+-----------------------------------------------------------------------------+
| NVIDIA-SMI 460.32.03    Driver Version: 460.32.03    CUDA Version: 11.2     |
|-------------------------------+----------------------+----------------------+
| GPU  Name        Persistence-M| Bus-Id        Disp.A | Volatile Uncorr. ECC |
| Fan  Temp  Perf  Pwr:Usage/Cap|         Memory-Usage | GPU-Util  Compute M. |
|                               |                      |               MIG M. |
|===============================+======================+======================|
|   0  A100-PCIE-40GB      Off  | 00000000:27:00.0 Off |                    0 |
| N/A   27C    P0    33W / 250W |      0MiB / 40536MiB |      0%      Default |
|                               |                      |             Disabled |
+-------------------------------+----------------------+----------------------+
                                                                               
+-----------------------------------------------------------------------------+
| Processes:                                                                  |
|  GPU   GI   CI        PID   Type   Process name                  GPU Memory |
|        ID   ID                                                   Usage      |
|=============================================================================|
|  No running processes found                                                 |
+-----------------------------------------------------------------------------+
0
ProtoTEx best model: 36, 36
initializing prototypes with xavier init
VAL SCORES epoch -1 Total loss 2.5417 

VAL SCORES epoch -1 Prec 0.15173466804778135 

VAL SCORES epoch -1 Recall 0.09491525423728814 

VAL SCORES epoch -1 F1 0.08932266860543663 


ALERT!!! Shared variable is shared by encoder_input_embeddings and decoder_input_embeddings
delta training:   0%|          | 0/91 [00:00<?, ?batches/s]
ALERT!!! Shared variable is shared by encoder_input_embeddings and decoder_input_embeddings
gamma training:   0%|          | 0/91 [00:00<?, ?batches/s]
gamma training:   0%|          | 0/91 [00:00<?, ?batches/s]
TRAIN SCORES epoch 0 Total loss 2.4975 

TRAIN SCORES epoch 0 Prec 0.023171443642124187 

TRAIN SCORES epoch 0 Recall 0.10718232044198896 

TRAIN SCORES epoch 0 F1 0.03743567532545275 


VAL SCORES epoch 0 Total loss 2.4564 

VAL SCORES epoch 0 Prec 0.02151568283654783 

VAL SCORES epoch 0 Recall 0.10508474576271186 

VAL SCORES epoch 0 F1 0.03521870950485956 


[92m Validation score improved (-inf --> 0.0352). [0m
TEST SCORES epoch 0 Total loss 2.4831 

TEST SCORES epoch 0 Prec 0.02558245264207378 

TEST SCORES epoch 0 Recall 0.09830508474576272 

TEST SCORES epoch 0 F1 0.03929113654322522 


ALERT!!! Shared variable is shared by encoder_input_embeddings and decoder_input_embeddings
delta training:   0%|          | 0/91 [00:00<?, ?batches/s]
ALERT!!! Shared variable is shared by encoder_input_embeddings and decoder_input_embeddings
gamma training:   0%|          | 0/91 [00:00<?, ?batches/s]
gamma training:   0%|          | 0/91 [00:00<?, ?batches/s]
TRAIN SCORES epoch 1 Total loss 2.4857 

TRAIN SCORES epoch 1 Prec 0.09339501567589945 

TRAIN SCORES epoch 1 Recall 0.07292817679558011 

TRAIN SCORES epoch 1 F1 0.02739711633404349 


VAL SCORES epoch 1 Total loss 2.4527 

VAL SCORES epoch 1 Prec 0.09048232217364396 

VAL SCORES epoch 1 Recall 0.08135593220338982 

VAL SCORES epoch 1 F1 0.036430145289433336 


[92m Validation score improved (0.0352 --> 0.0364). [0m
TEST SCORES epoch 1 Total loss 2.4832 

TEST SCORES epoch 1 Prec 0.02051693830161245 

TEST SCORES epoch 1 Recall 0.04406779661016949 

TEST SCORES epoch 1 F1 0.009042092940398025 


ALERT!!! Shared variable is shared by encoder_input_embeddings and decoder_input_embeddings
delta training:   0%|          | 0/91 [00:00<?, ?batches/s]
ALERT!!! Shared variable is shared by encoder_input_embeddings and decoder_input_embeddings
gamma training:   0%|          | 0/91 [00:00<?, ?batches/s]
gamma training:   0%|          | 0/91 [00:00<?, ?batches/s]
TRAIN SCORES epoch 2 Total loss 2.5593 

TRAIN SCORES epoch 2 Prec 0.02736992143430527 

TRAIN SCORES epoch 2 Recall 0.09668508287292818 

TRAIN SCORES epoch 2 F1 0.027999886861312634 


VAL SCORES epoch 2 Total loss 2.5416 

VAL SCORES epoch 2 Prec 0.029152542372881354 

VAL SCORES epoch 2 Recall 0.14915254237288136 

VAL SCORES epoch 2 F1 0.046704331450094165 


[92m Validation score improved (0.0364 --> 0.0467). [0m
TEST SCORES epoch 2 Total loss 2.5589 

TEST SCORES epoch 2 Prec 0.015336942977184258 

TEST SCORES epoch 2 Recall 0.10508474576271186 

TEST SCORES epoch 2 F1 0.02518718636733147 


ALERT!!! Shared variable is shared by encoder_input_embeddings and decoder_input_embeddings
delta training:   0%|          | 0/91 [00:00<?, ?batches/s]
ALERT!!! Shared variable is shared by encoder_input_embeddings and decoder_input_embeddings
gamma training:   0%|          | 0/91 [00:00<?, ?batches/s]
gamma training:   0%|          | 0/91 [00:00<?, ?batches/s]
TRAIN SCORES epoch 3 Total loss 2.5772 

TRAIN SCORES epoch 3 Prec 0.12207462986348508 

TRAIN SCORES epoch 3 Recall 0.1850828729281768 

TRAIN SCORES epoch 3 F1 0.07877654909298244 


VAL SCORES epoch 3 Total loss 2.6167 

VAL SCORES epoch 3 Prec 0.06154712652443868 

VAL SCORES epoch 3 Recall 0.2033898305084746 

VAL SCORES epoch 3 F1 0.09265408297450176 


[92m Validation score improved (0.0467 --> 0.0927). [0m
TEST SCORES epoch 3 Total loss 2.5890 

TEST SCORES epoch 3 Prec 0.061313045928430544 

TEST SCORES epoch 3 Recall 0.18983050847457628 

TEST SCORES epoch 3 F1 0.0910243183492999 


ALERT!!! Shared variable is shared by encoder_input_embeddings and decoder_input_embeddings
delta training:   0%|          | 0/91 [00:00<?, ?batches/s]
ALERT!!! Shared variable is shared by encoder_input_embeddings and decoder_input_embeddings
gamma training:   0%|          | 0/91 [00:00<?, ?batches/s]
gamma training:   0%|          | 0/91 [00:00<?, ?batches/s]
TRAIN SCORES epoch 4 Total loss 2.4417 

TRAIN SCORES epoch 4 Prec 0.031061628155428712 

TRAIN SCORES epoch 4 Recall 0.17624309392265194 

TRAIN SCORES epoch 4 F1 0.052814980705801755 


VAL SCORES epoch 4 Total loss 2.4870 

VAL SCORES epoch 4 Prec 0.0427578282102844 

VAL SCORES epoch 4 Recall 0.20677966101694914 

VAL SCORES epoch 4 F1 0.07086269282041516 


[93m EarlyStopping counter: 1 out of 7 [0m
Early Stopping TEST SCORES (not the best ones) epoch 4 Total loss 2.4481 

Early Stopping TEST SCORES (not the best ones) epoch 4 Prec 0.0427578282102844 

Early Stopping TEST SCORES (not the best ones) epoch 4 Recall 0.20677966101694914 

Early Stopping TEST SCORES (not the best ones) epoch 4 F1 0.07086269282041516 


ALERT!!! Shared variable is shared by encoder_input_embeddings and decoder_input_embeddings
delta training:   0%|          | 0/91 [00:00<?, ?batches/s]
ALERT!!! Shared variable is shared by encoder_input_embeddings and decoder_input_embeddings
gamma training:   0%|          | 0/91 [00:00<?, ?batches/s]
gamma training:   0%|          | 0/91 [00:00<?, ?batches/s]
TRAIN SCORES epoch 5 Total loss 2.4456 

TRAIN SCORES epoch 5 Prec 0.04747372027928081 

TRAIN SCORES epoch 5 Recall 0.2005524861878453 

TRAIN SCORES epoch 5 F1 0.07674595168704482 


VAL SCORES epoch 5 Total loss 2.4428 

VAL SCORES epoch 5 Prec 0.06383229167124178 

VAL SCORES epoch 5 Recall 0.22372881355932203 

VAL SCORES epoch 5 F1 0.09909829689674937 


[92m Validation score improved (0.0927 --> 0.0991). [0m
TEST SCORES epoch 5 Total loss 2.4243 

TEST SCORES epoch 5 Prec 0.05864511727973973 

TEST SCORES epoch 5 Recall 0.2135593220338983 

TEST SCORES epoch 5 F1 0.09151744568104186 


ALERT!!! Shared variable is shared by encoder_input_embeddings and decoder_input_embeddings
delta training:   0%|          | 0/91 [00:00<?, ?batches/s]
ALERT!!! Shared variable is shared by encoder_input_embeddings and decoder_input_embeddings
gamma training:   0%|          | 0/91 [00:00<?, ?batches/s]
gamma training:   0%|          | 0/91 [00:00<?, ?batches/s]
TRAIN SCORES epoch 6 Total loss 2.4259 

TRAIN SCORES epoch 6 Prec 0.022793431058837948 

TRAIN SCORES epoch 6 Recall 0.10607734806629834 

TRAIN SCORES epoch 6 F1 0.03348854031858417 


VAL SCORES epoch 6 Total loss 2.4181 

VAL SCORES epoch 6 Prec 0.04757409059371593 

VAL SCORES epoch 6 Recall 0.17288135593220338 

VAL SCORES epoch 6 F1 0.07234189439452796 


[93m EarlyStopping counter: 1 out of 7 [0m
ALERT!!! Shared variable is shared by encoder_input_embeddings and decoder_input_embeddings
delta training:   0%|          | 0/91 [00:00<?, ?batches/s]
ALERT!!! Shared variable is shared by encoder_input_embeddings and decoder_input_embeddings
gamma training:   0%|          | 0/91 [00:00<?, ?batches/s]
gamma training:   0%|          | 0/91 [00:00<?, ?batches/s]
TRAIN SCORES epoch 7 Total loss 2.4268 

TRAIN SCORES epoch 7 Prec 0.07414387491697215 

TRAIN SCORES epoch 7 Recall 0.19281767955801105 

TRAIN SCORES epoch 7 F1 0.09968884481166343 


VAL SCORES epoch 7 Total loss 2.3630 

VAL SCORES epoch 7 Prec 0.0984397794143557 

VAL SCORES epoch 7 Recall 0.20677966101694914 

VAL SCORES epoch 7 F1 0.12781059594189556 


[92m Validation score improved (0.0991 --> 0.1278). [0m
TEST SCORES epoch 7 Total loss 2.4231 

TEST SCORES epoch 7 Prec 0.07089779960180323 

TEST SCORES epoch 7 Recall 0.16271186440677965 

TEST SCORES epoch 7 F1 0.08935773769099876 


ALERT!!! Shared variable is shared by encoder_input_embeddings and decoder_input_embeddings
delta training:   0%|          | 0/91 [00:00<?, ?batches/s]
ALERT!!! Shared variable is shared by encoder_input_embeddings and decoder_input_embeddings
gamma training:   0%|          | 0/91 [00:00<?, ?batches/s]
gamma training:   0%|          | 0/91 [00:00<?, ?batches/s]
TRAIN SCORES epoch 8 Total loss 2.3250 

TRAIN SCORES epoch 8 Prec 0.2303747771465829 

TRAIN SCORES epoch 8 Recall 0.2425414364640884 

TRAIN SCORES epoch 8 F1 0.15252780944807165 


VAL SCORES epoch 8 Total loss 2.3154 

VAL SCORES epoch 8 Prec 0.21083535108958837 

VAL SCORES epoch 8 Recall 0.2440677966101695 

VAL SCORES epoch 8 F1 0.17102458857194652 


[92m Validation score improved (0.1278 --> 0.1710). [0m
TEST SCORES epoch 8 Total loss 2.3405 

TEST SCORES epoch 8 Prec 0.24458077249355104 

TEST SCORES epoch 8 Recall 0.2542372881355932 

TEST SCORES epoch 8 F1 0.1436969178436557 


ALERT!!! Shared variable is shared by encoder_input_embeddings and decoder_input_embeddings
delta training:   0%|          | 0/91 [00:00<?, ?batches/s]
ALERT!!! Shared variable is shared by encoder_input_embeddings and decoder_input_embeddings
gamma training:   0%|          | 0/91 [00:00<?, ?batches/s]
gamma training:   0%|          | 0/91 [00:00<?, ?batches/s]
TRAIN SCORES epoch 9 Total loss 2.5103 

TRAIN SCORES epoch 9 Prec 0.08897338493695346 

TRAIN SCORES epoch 9 Recall 0.13204419889502764 

TRAIN SCORES epoch 9 F1 0.06870848223214882 


VAL SCORES epoch 9 Total loss 2.5070 

VAL SCORES epoch 9 Prec 0.09618889839611135 

VAL SCORES epoch 9 Recall 0.21016949152542372 

VAL SCORES epoch 9 F1 0.10253019906412668 


[93m EarlyStopping counter: 1 out of 7 [0m
Early Stopping TEST SCORES (not the best ones) epoch 9 Total loss 2.6052 

Early Stopping TEST SCORES (not the best ones) epoch 9 Prec 0.044028379976350014 

Early Stopping TEST SCORES (not the best ones) epoch 9 Recall 0.12542372881355932 

Early Stopping TEST SCORES (not the best ones) epoch 9 F1 0.04604519774011299 


ALERT!!! Shared variable is shared by encoder_input_embeddings and decoder_input_embeddings
delta training:   0%|          | 0/91 [00:00<?, ?batches/s]
ALERT!!! Shared variable is shared by encoder_input_embeddings and decoder_input_embeddings
gamma training:   0%|          | 0/91 [00:00<?, ?batches/s]
gamma training:   0%|          | 0/91 [00:00<?, ?batches/s]
TRAIN SCORES epoch 10 Total loss 2.3128 

TRAIN SCORES epoch 10 Prec 0.3638523248853949 

TRAIN SCORES epoch 10 Recall 0.25524861878453037 

TRAIN SCORES epoch 10 F1 0.23738496547739105 


VAL SCORES epoch 10 Total loss 2.3135 

VAL SCORES epoch 10 Prec 0.41861203199532127 

VAL SCORES epoch 10 Recall 0.22372881355932203 

VAL SCORES epoch 10 F1 0.23409767747220314 


[92m Validation score improved (0.1710 --> 0.2341). [0m
TEST SCORES epoch 10 Total loss 2.3449 

TEST SCORES epoch 10 Prec 0.38978057520430404 

TEST SCORES epoch 10 Recall 0.22372881355932203 

TEST SCORES epoch 10 F1 0.20469193584178483 


ALERT!!! Shared variable is shared by encoder_input_embeddings and decoder_input_embeddings
delta training:   0%|          | 0/91 [00:00<?, ?batches/s]
ALERT!!! Shared variable is shared by encoder_input_embeddings and decoder_input_embeddings
gamma training:   0%|          | 0/91 [00:00<?, ?batches/s]
gamma training:   0%|          | 0/91 [00:00<?, ?batches/s]
TRAIN SCORES epoch 11 Total loss 2.2485 

TRAIN SCORES epoch 11 Prec 0.4163972023011735 

TRAIN SCORES epoch 11 Recall 0.2640883977900553 

TRAIN SCORES epoch 11 F1 0.2295165583550816 


VAL SCORES epoch 11 Total loss 2.2173 

VAL SCORES epoch 11 Prec 0.337643346135899 

VAL SCORES epoch 11 Recall 0.288135593220339 

VAL SCORES epoch 11 F1 0.23166746857862133 


[93m EarlyStopping counter: 1 out of 7 [0m
ALERT!!! Shared variable is shared by encoder_input_embeddings and decoder_input_embeddings
delta training:   0%|          | 0/91 [00:00<?, ?batches/s]
ALERT!!! Shared variable is shared by encoder_input_embeddings and decoder_input_embeddings
gamma training:   0%|          | 0/91 [00:00<?, ?batches/s]
gamma training:   0%|          | 0/91 [00:00<?, ?batches/s]
TRAIN SCORES epoch 12 Total loss 2.2802 

TRAIN SCORES epoch 12 Prec 0.5571501360936085 

TRAIN SCORES epoch 12 Recall 0.292817679558011 

TRAIN SCORES epoch 12 F1 0.26331292541265405 


VAL SCORES epoch 12 Total loss 2.3415 

VAL SCORES epoch 12 Prec 0.6024330087339497 

VAL SCORES epoch 12 Recall 0.24067796610169492 

VAL SCORES epoch 12 F1 0.22153120256004039 


[93m EarlyStopping counter: 2 out of 7 [0m
ALERT!!! Shared variable is shared by encoder_input_embeddings and decoder_input_embeddings
delta training:   0%|          | 0/91 [00:00<?, ?batches/s]
ALERT!!! Shared variable is shared by encoder_input_embeddings and decoder_input_embeddings
gamma training:   0%|          | 0/91 [00:00<?, ?batches/s]
gamma training:   0%|          | 0/91 [00:00<?, ?batches/s]
TRAIN SCORES epoch 13 Total loss 2.3006 

TRAIN SCORES epoch 13 Prec 0.3747343433937681 

TRAIN SCORES epoch 13 Recall 0.2121546961325967 

TRAIN SCORES epoch 13 F1 0.1229259978659316 


VAL SCORES epoch 13 Total loss 2.2832 

VAL SCORES epoch 13 Prec 0.20044928934521838 

VAL SCORES epoch 13 Recall 0.2711864406779661 

VAL SCORES epoch 13 F1 0.16439104547938313 


[93m EarlyStopping counter: 3 out of 7 [0m
ALERT!!! Shared variable is shared by encoder_input_embeddings and decoder_input_embeddings
delta training:   0%|          | 0/91 [00:00<?, ?batches/s]
ALERT!!! Shared variable is shared by encoder_input_embeddings and decoder_input_embeddings
gamma training:   0%|          | 0/91 [00:00<?, ?batches/s]
gamma training:   0%|          | 0/91 [00:00<?, ?batches/s]
TRAIN SCORES epoch 14 Total loss 2.2069 

TRAIN SCORES epoch 14 Prec 0.5421131133400764 

TRAIN SCORES epoch 14 Recall 0.3281767955801105 

TRAIN SCORES epoch 14 F1 0.30830246230358366 


VAL SCORES epoch 14 Total loss 2.2315 

VAL SCORES epoch 14 Prec 0.5430515067744807 

VAL SCORES epoch 14 Recall 0.26101694915254237 

VAL SCORES epoch 14 F1 0.2551296715757385 


[92m Validation score improved (0.2341 --> 0.2551). [0m
TEST SCORES epoch 14 Total loss 2.2642 

TEST SCORES epoch 14 Prec 0.518171964229444 

TEST SCORES epoch 14 Recall 0.288135593220339 

TEST SCORES epoch 14 F1 0.2732381314810856 


ALERT!!! Shared variable is shared by encoder_input_embeddings and decoder_input_embeddings
delta training:   0%|          | 0/91 [00:00<?, ?batches/s]
ALERT!!! Shared variable is shared by encoder_input_embeddings and decoder_input_embeddings
gamma training:   0%|          | 0/91 [00:00<?, ?batches/s]
gamma training:   0%|          | 0/91 [00:00<?, ?batches/s]
TRAIN SCORES epoch 15 Total loss 2.2432 

TRAIN SCORES epoch 15 Prec 0.40839955504583336 

TRAIN SCORES epoch 15 Recall 0.22596685082872928 

TRAIN SCORES epoch 15 F1 0.15885012046244262 


VAL SCORES epoch 15 Total loss 2.2246 

VAL SCORES epoch 15 Prec 0.4541464775577894 

VAL SCORES epoch 15 Recall 0.2576271186440678 

VAL SCORES epoch 15 F1 0.16395011447281013 


[93m EarlyStopping counter: 1 out of 7 [0m
ALERT!!! Shared variable is shared by encoder_input_embeddings and decoder_input_embeddings
delta training:   0%|          | 0/91 [00:00<?, ?batches/s]
ALERT!!! Shared variable is shared by encoder_input_embeddings and decoder_input_embeddings
gamma training:   0%|          | 0/91 [00:00<?, ?batches/s]
gamma training:   0%|          | 0/91 [00:00<?, ?batches/s]
TRAIN SCORES epoch 16 Total loss 2.1497 

TRAIN SCORES epoch 16 Prec 0.36750298504575973 

TRAIN SCORES epoch 16 Recall 0.41104972375690607 

TRAIN SCORES epoch 16 F1 0.30982412377807717 


VAL SCORES epoch 16 Total loss 2.1276 

VAL SCORES epoch 16 Prec 0.3862034016362799 

VAL SCORES epoch 16 Recall 0.39661016949152544 

VAL SCORES epoch 16 F1 0.31820563343264385 


[92m Validation score improved (0.2551 --> 0.3182). [0m
TEST SCORES epoch 16 Total loss 2.2506 

TEST SCORES epoch 16 Prec 0.3225896939520074 

TEST SCORES epoch 16 Recall 0.34576271186440677 

TEST SCORES epoch 16 F1 0.261363015802247 


ALERT!!! Shared variable is shared by encoder_input_embeddings and decoder_input_embeddings
delta training:   0%|          | 0/91 [00:00<?, ?batches/s]
ALERT!!! Shared variable is shared by encoder_input_embeddings and decoder_input_embeddings
gamma training:   0%|          | 0/91 [00:00<?, ?batches/s]
gamma training:   0%|          | 0/91 [00:00<?, ?batches/s]
TRAIN SCORES epoch 17 Total loss 2.1788 

TRAIN SCORES epoch 17 Prec 0.5702607642237701 

TRAIN SCORES epoch 17 Recall 0.30662983425414364 

TRAIN SCORES epoch 17 F1 0.28601973409687786 


VAL SCORES epoch 17 Total loss 2.1625 

VAL SCORES epoch 17 Prec 0.5106198827917393 

VAL SCORES epoch 17 Recall 0.30847457627118646 

VAL SCORES epoch 17 F1 0.2802669377385941 


[93m EarlyStopping counter: 1 out of 7 [0m
ALERT!!! Shared variable is shared by encoder_input_embeddings and decoder_input_embeddings
delta training:   0%|          | 0/91 [00:00<?, ?batches/s]
ALERT!!! Shared variable is shared by encoder_input_embeddings and decoder_input_embeddings
gamma training:   0%|          | 0/91 [00:00<?, ?batches/s]
gamma training:   0%|          | 0/91 [00:00<?, ?batches/s]
TRAIN SCORES epoch 18 Total loss 2.0969 

TRAIN SCORES epoch 18 Prec 0.5279687311552479 

TRAIN SCORES epoch 18 Recall 0.41878453038674035 

TRAIN SCORES epoch 18 F1 0.36787004390955014 


VAL SCORES epoch 18 Total loss 2.0940 

VAL SCORES epoch 18 Prec 0.508633479048441 

VAL SCORES epoch 18 Recall 0.4101694915254237 

VAL SCORES epoch 18 F1 0.3675206227151671 


[92m Validation score improved (0.3182 --> 0.3675). [0m
TEST SCORES epoch 18 Total loss 2.2102 

TEST SCORES epoch 18 Prec 0.41832088867158773 

TEST SCORES epoch 18 Recall 0.34915254237288135 

TEST SCORES epoch 18 F1 0.3018426166098722 


ALERT!!! Shared variable is shared by encoder_input_embeddings and decoder_input_embeddings
delta training:   0%|          | 0/91 [00:00<?, ?batches/s]
ALERT!!! Shared variable is shared by encoder_input_embeddings and decoder_input_embeddings
gamma training:   0%|          | 0/91 [00:00<?, ?batches/s]
gamma training:   0%|          | 0/91 [00:00<?, ?batches/s]
TRAIN SCORES epoch 19 Total loss 2.0906 

TRAIN SCORES epoch 19 Prec 0.46932655884183133 

TRAIN SCORES epoch 19 Recall 0.505524861878453 

TRAIN SCORES epoch 19 F1 0.45132007599225277 


VAL SCORES epoch 19 Total loss 2.0925 

VAL SCORES epoch 19 Prec 0.4700388692764012 

VAL SCORES epoch 19 Recall 0.4542372881355932 

VAL SCORES epoch 19 F1 0.4274709744598632 


[92m Validation score improved (0.3675 --> 0.4275). [0m
TEST SCORES epoch 19 Total loss 2.2252 

TEST SCORES epoch 19 Prec 0.4061721101454361 

TEST SCORES epoch 19 Recall 0.4067796610169492 

TEST SCORES epoch 19 F1 0.3657815118703172 


ALERT!!! Shared variable is shared by encoder_input_embeddings and decoder_input_embeddings
delta training:   0%|          | 0/91 [00:00<?, ?batches/s]
ALERT!!! Shared variable is shared by encoder_input_embeddings and decoder_input_embeddings
gamma training:   0%|          | 0/91 [00:00<?, ?batches/s]
gamma training:   0%|          | 0/91 [00:00<?, ?batches/s]
TRAIN SCORES epoch 20 Total loss 2.0660 

TRAIN SCORES epoch 20 Prec 0.42280217795326314 

TRAIN SCORES epoch 20 Recall 0.36408839779005525 

TRAIN SCORES epoch 20 F1 0.33977241364295235 


VAL SCORES epoch 20 Total loss 2.1615 

VAL SCORES epoch 20 Prec 0.43244676227727075 

VAL SCORES epoch 20 Recall 0.3220338983050847 

VAL SCORES epoch 20 F1 0.31195228975794925 


[93m EarlyStopping counter: 1 out of 7 [0m
ALERT!!! Shared variable is shared by encoder_input_embeddings and decoder_input_embeddings
delta training:   0%|          | 0/91 [00:00<?, ?batches/s]
ALERT!!! Shared variable is shared by encoder_input_embeddings and decoder_input_embeddings
gamma training:   0%|          | 0/91 [00:00<?, ?batches/s]
gamma training:   0%|          | 0/91 [00:00<?, ?batches/s]
TRAIN SCORES epoch 21 Total loss 2.0392 

TRAIN SCORES epoch 21 Prec 0.6233905278298794 

TRAIN SCORES epoch 21 Recall 0.42099447513812155 

TRAIN SCORES epoch 21 F1 0.4005255941291832 


VAL SCORES epoch 21 Total loss 2.0679 

VAL SCORES epoch 21 Prec 0.5374816822282263 

VAL SCORES epoch 21 Recall 0.4033898305084746 

VAL SCORES epoch 21 F1 0.37623582208065615 


[93m EarlyStopping counter: 2 out of 7 [0m
ALERT!!! Shared variable is shared by encoder_input_embeddings and decoder_input_embeddings
delta training:   0%|          | 0/91 [00:00<?, ?batches/s]
ALERT!!! Shared variable is shared by encoder_input_embeddings and decoder_input_embeddings
gamma training:   0%|          | 0/91 [00:00<?, ?batches/s]
gamma training:   0%|          | 0/91 [00:00<?, ?batches/s]
TRAIN SCORES epoch 22 Total loss 1.9354 

TRAIN SCORES epoch 22 Prec 0.5380377735799928 

TRAIN SCORES epoch 22 Recall 0.5558011049723757 

TRAIN SCORES epoch 22 F1 0.488740923363786 


VAL SCORES epoch 22 Total loss 1.9915 

VAL SCORES epoch 22 Prec 0.5115532009022141 

VAL SCORES epoch 22 Recall 0.511864406779661 

VAL SCORES epoch 22 F1 0.4514832083033684 


[92m Validation score improved (0.4275 --> 0.4515). [0m
TEST SCORES epoch 22 Total loss 2.0972 

TEST SCORES epoch 22 Prec 0.4723686322730569 

TEST SCORES epoch 22 Recall 0.43389830508474575 

TEST SCORES epoch 22 F1 0.38195958777042754 


ALERT!!! Shared variable is shared by encoder_input_embeddings and decoder_input_embeddings
delta training:   0%|          | 0/91 [00:00<?, ?batches/s]
ALERT!!! Shared variable is shared by encoder_input_embeddings and decoder_input_embeddings
gamma training:   0%|          | 0/91 [00:00<?, ?batches/s]
gamma training:   0%|          | 0/91 [00:00<?, ?batches/s]
TRAIN SCORES epoch 23 Total loss 1.9288 

TRAIN SCORES epoch 23 Prec 0.5637789044373541 

TRAIN SCORES epoch 23 Recall 0.3751381215469613 

TRAIN SCORES epoch 23 F1 0.34546746492592895 


VAL SCORES epoch 23 Total loss 2.0734 

VAL SCORES epoch 23 Prec 0.5538183128013635 

VAL SCORES epoch 23 Recall 0.29152542372881357 

VAL SCORES epoch 23 F1 0.2792210712450229 


[93m EarlyStopping counter: 1 out of 7 [0m
ALERT!!! Shared variable is shared by encoder_input_embeddings and decoder_input_embeddings
delta training:   0%|          | 0/91 [00:00<?, ?batches/s]
ALERT!!! Shared variable is shared by encoder_input_embeddings and decoder_input_embeddings
gamma training:   0%|          | 0/91 [00:00<?, ?batches/s]
gamma training:   0%|          | 0/91 [00:00<?, ?batches/s]
TRAIN SCORES epoch 24 Total loss 1.9153 

TRAIN SCORES epoch 24 Prec 0.6624572715100209 

TRAIN SCORES epoch 24 Recall 0.5077348066298343 

TRAIN SCORES epoch 24 F1 0.47453128747105155 


VAL SCORES epoch 24 Total loss 2.1097 

VAL SCORES epoch 24 Prec 0.5631922073668573 

VAL SCORES epoch 24 Recall 0.39322033898305087 

VAL SCORES epoch 24 F1 0.36484313454212225 


[93m EarlyStopping counter: 2 out of 7 [0m
Early Stopping TEST SCORES (not the best ones) epoch 24 Total loss 2.1861 

Early Stopping TEST SCORES (not the best ones) epoch 24 Prec 0.5783059911175564 

Early Stopping TEST SCORES (not the best ones) epoch 24 Recall 0.3559322033898305 

Early Stopping TEST SCORES (not the best ones) epoch 24 F1 0.3429983283486253 


ALERT!!! Shared variable is shared by encoder_input_embeddings and decoder_input_embeddings
delta training:   0%|          | 0/91 [00:00<?, ?batches/s]
ALERT!!! Shared variable is shared by encoder_input_embeddings and decoder_input_embeddings
gamma training:   0%|          | 0/91 [00:00<?, ?batches/s]
gamma training:   0%|          | 0/91 [00:00<?, ?batches/s]
TRAIN SCORES epoch 25 Total loss 1.8639 

TRAIN SCORES epoch 25 Prec 0.5835863050638949 

TRAIN SCORES epoch 25 Recall 0.43480662983425417 

TRAIN SCORES epoch 25 F1 0.4303657762753247 


VAL SCORES epoch 25 Total loss 2.0126 

VAL SCORES epoch 25 Prec 0.610709618998088 

VAL SCORES epoch 25 Recall 0.36610169491525424 

VAL SCORES epoch 25 F1 0.3807996225975864 


[93m EarlyStopping counter: 3 out of 7 [0m
ALERT!!! Shared variable is shared by encoder_input_embeddings and decoder_input_embeddings
delta training:   0%|          | 0/91 [00:00<?, ?batches/s]
ALERT!!! Shared variable is shared by encoder_input_embeddings and decoder_input_embeddings
gamma training:   0%|          | 0/91 [00:00<?, ?batches/s]
gamma training:   0%|          | 0/91 [00:00<?, ?batches/s]
TRAIN SCORES epoch 26 Total loss 1.8233 

TRAIN SCORES epoch 26 Prec 0.517887535841138 

TRAIN SCORES epoch 26 Recall 0.44917127071823204 

TRAIN SCORES epoch 26 F1 0.39786995131940006 


VAL SCORES epoch 26 Total loss 2.0208 

VAL SCORES epoch 26 Prec 0.4920033011089725 

VAL SCORES epoch 26 Recall 0.37966101694915255 

VAL SCORES epoch 26 F1 0.3610517355384029 


[93m EarlyStopping counter: 4 out of 7 [0m
ALERT!!! Shared variable is shared by encoder_input_embeddings and decoder_input_embeddings
delta training:   0%|          | 0/91 [00:00<?, ?batches/s]
ALERT!!! Shared variable is shared by encoder_input_embeddings and decoder_input_embeddings
gamma training:   0%|          | 0/91 [00:00<?, ?batches/s]
gamma training:   0%|          | 0/91 [00:00<?, ?batches/s]
TRAIN SCORES epoch 27 Total loss 1.8402 

TRAIN SCORES epoch 27 Prec 0.6441226086462795 

TRAIN SCORES epoch 27 Recall 0.541988950276243 

TRAIN SCORES epoch 27 F1 0.5012722763838922 


VAL SCORES epoch 27 Total loss 1.9421 

VAL SCORES epoch 27 Prec 0.5194966148332193 

VAL SCORES epoch 27 Recall 0.4576271186440678 

VAL SCORES epoch 27 F1 0.4202640167392679 


[93m EarlyStopping counter: 5 out of 7 [0m
ALERT!!! Shared variable is shared by encoder_input_embeddings and decoder_input_embeddings
delta training:   0%|          | 0/91 [00:00<?, ?batches/s]
ALERT!!! Shared variable is shared by encoder_input_embeddings and decoder_input_embeddings
gamma training:   0%|          | 0/91 [00:00<?, ?batches/s]
gamma training:   0%|          | 0/91 [00:00<?, ?batches/s]
TRAIN SCORES epoch 28 Total loss 1.8030 

TRAIN SCORES epoch 28 Prec 0.5381239947827755 

TRAIN SCORES epoch 28 Recall 0.5149171270718232 

TRAIN SCORES epoch 28 F1 0.4858887305192652 


VAL SCORES epoch 28 Total loss 1.9566 

VAL SCORES epoch 28 Prec 0.49208311681712336 

VAL SCORES epoch 28 Recall 0.45084745762711864 

VAL SCORES epoch 28 F1 0.42596611800001627 


[93m EarlyStopping counter: 6 out of 7 [0m
ALERT!!! Shared variable is shared by encoder_input_embeddings and decoder_input_embeddings
delta training:   0%|          | 0/91 [00:00<?, ?batches/s]
ALERT!!! Shared variable is shared by encoder_input_embeddings and decoder_input_embeddings
gamma training:   0%|          | 0/91 [00:00<?, ?batches/s]
gamma training:   0%|          | 0/91 [00:00<?, ?batches/s]
TRAIN SCORES epoch 29 Total loss 1.7851 

TRAIN SCORES epoch 29 Prec 0.6392663216048687 

TRAIN SCORES epoch 29 Recall 0.5558011049723757 

TRAIN SCORES epoch 29 F1 0.5116581372491442 


VAL SCORES epoch 29 Total loss 1.9440 

VAL SCORES epoch 29 Prec 0.5617186182882191 

VAL SCORES epoch 29 Recall 0.4440677966101695 

VAL SCORES epoch 29 F1 0.40373539489192695 


[93m EarlyStopping counter: 7 out of 7 [0m
