/cluster/raid/home/zhivar.sourati/ProtoTEx
Mon Oct 24 05:18:01 2022       
+-----------------------------------------------------------------------------+
| NVIDIA-SMI 460.32.03    Driver Version: 460.32.03    CUDA Version: 11.2     |
|-------------------------------+----------------------+----------------------+
| GPU  Name        Persistence-M| Bus-Id        Disp.A | Volatile Uncorr. ECC |
| Fan  Temp  Perf  Pwr:Usage/Cap|         Memory-Usage | GPU-Util  Compute M. |
|                               |                      |               MIG M. |
|===============================+======================+======================|
|   0  A100-PCIE-40GB      Off  | 00000000:27:00.0 Off |                    0 |
| N/A   30C    P0    33W / 250W |      0MiB / 40536MiB |      0%      Default |
|                               |                      |             Disabled |
+-------------------------------+----------------------+----------------------+
                                                                               
+-----------------------------------------------------------------------------+
| Processes:                                                                  |
|  GPU   GI   CI        PID   Type   Process name                  GPU Memory |
|        ID   ID                                                   Usage      |
|=============================================================================|
|  No running processes found                                                 |
+-----------------------------------------------------------------------------+
0
ProtoTEx best model: 36, 36
initializing prototypes with xavier init
VAL SCORES epoch -1 Total loss 2.5567 

VAL SCORES epoch -1 Prec 0.07086781484209888 

VAL SCORES epoch -1 Recall 0.0847457627118644 

VAL SCORES epoch -1 F1 0.05758506216943537 


ALERT!!! Shared variable is shared by encoder_input_embeddings and decoder_input_embeddings
delta training:   0%|          | 0/91 [00:00<?, ?batches/s]
ALERT!!! Shared variable is shared by encoder_input_embeddings and decoder_input_embeddings
gamma training:   0%|          | 0/91 [00:00<?, ?batches/s]
gamma training:   0%|          | 0/91 [00:00<?, ?batches/s]
TRAIN SCORES epoch 0 Total loss 2.5020 

TRAIN SCORES epoch 0 Prec 0.06831062001227747 

TRAIN SCORES epoch 0 Recall 0.06022099447513812 

TRAIN SCORES epoch 0 F1 0.009732258188793058 


VAL SCORES epoch 0 Total loss 2.4823 

VAL SCORES epoch 0 Prec 0.002267599930583676 

VAL SCORES epoch 0 Recall 0.04745762711864407 

VAL SCORES epoch 0 F1 0.004328382929387732 


[92m Validation score improved (-inf --> 0.0043). [0m
TEST SCORES epoch 0 Total loss 2.4954 

TEST SCORES epoch 0 Prec 0.005067509336397586 

TEST SCORES epoch 0 Recall 0.0711864406779661 

TEST SCORES epoch 0 F1 0.009461488950868914 


ALERT!!! Shared variable is shared by encoder_input_embeddings and decoder_input_embeddings
delta training:   0%|          | 0/91 [00:00<?, ?batches/s]
ALERT!!! Shared variable is shared by encoder_input_embeddings and decoder_input_embeddings
gamma training:   0%|          | 0/91 [00:00<?, ?batches/s]
gamma training:   0%|          | 0/91 [00:00<?, ?batches/s]
TRAIN SCORES epoch 1 Total loss 2.4484 

TRAIN SCORES epoch 1 Prec 0.015452825005341718 

TRAIN SCORES epoch 1 Recall 0.12430939226519337 

TRAIN SCORES epoch 1 F1 0.02748856340016561 


VAL SCORES epoch 1 Total loss 2.4615 

VAL SCORES epoch 1 Prec 0.014892272335535766 

VAL SCORES epoch 1 Recall 0.12203389830508475 

VAL SCORES epoch 1 F1 0.026545137999897588 


[92m Validation score improved (0.0043 --> 0.0265). [0m
TEST SCORES epoch 1 Total loss 2.4516 

TEST SCORES epoch 1 Prec 0.019316288422866992 

TEST SCORES epoch 1 Recall 0.13898305084745763 

TEST SCORES epoch 1 F1 0.03391848264729621 


ALERT!!! Shared variable is shared by encoder_input_embeddings and decoder_input_embeddings
delta training:   0%|          | 0/91 [00:00<?, ?batches/s]
ALERT!!! Shared variable is shared by encoder_input_embeddings and decoder_input_embeddings
gamma training:   0%|          | 0/91 [00:00<?, ?batches/s]
gamma training:   0%|          | 0/91 [00:00<?, ?batches/s]
TRAIN SCORES epoch 2 Total loss 2.5312 

TRAIN SCORES epoch 2 Prec 0.0318430388617408 

TRAIN SCORES epoch 2 Recall 0.09337016574585635 

TRAIN SCORES epoch 2 F1 0.024038528716920932 


VAL SCORES epoch 2 Total loss 2.4856 

VAL SCORES epoch 2 Prec 0.0289153740192849 

VAL SCORES epoch 2 Recall 0.14576271186440679 

VAL SCORES epoch 2 F1 0.04283418856580107 


[92m Validation score improved (0.0265 --> 0.0428). [0m
TEST SCORES epoch 2 Total loss 2.5356 

TEST SCORES epoch 2 Prec 0.030787090782447176 

TEST SCORES epoch 2 Recall 0.10508474576271186 

TEST SCORES epoch 2 F1 0.02476050110537951 


ALERT!!! Shared variable is shared by encoder_input_embeddings and decoder_input_embeddings
delta training:   0%|          | 0/91 [00:00<?, ?batches/s]
ALERT!!! Shared variable is shared by encoder_input_embeddings and decoder_input_embeddings
gamma training:   0%|          | 0/91 [00:00<?, ?batches/s]
gamma training:   0%|          | 0/91 [00:00<?, ?batches/s]
TRAIN SCORES epoch 3 Total loss 2.4988 

TRAIN SCORES epoch 3 Prec 0.09245424198833946 

TRAIN SCORES epoch 3 Recall 0.07237569060773481 

TRAIN SCORES epoch 3 F1 0.010728777453461256 


VAL SCORES epoch 3 Total loss 2.4697 

VAL SCORES epoch 3 Prec 0.0022598870056497176 

VAL SCORES epoch 3 Recall 0.04745762711864407 

VAL SCORES epoch 3 F1 0.0043143297380585505 


[93m EarlyStopping counter: 1 out of 7 [0m
ALERT!!! Shared variable is shared by encoder_input_embeddings and decoder_input_embeddings
delta training:   0%|          | 0/91 [00:00<?, ?batches/s]
ALERT!!! Shared variable is shared by encoder_input_embeddings and decoder_input_embeddings
gamma training:   0%|          | 0/91 [00:00<?, ?batches/s]
gamma training:   0%|          | 0/91 [00:00<?, ?batches/s]
TRAIN SCORES epoch 4 Total loss 2.4167 

TRAIN SCORES epoch 4 Prec 0.12173815948067522 

TRAIN SCORES epoch 4 Recall 0.17734806629834254 

TRAIN SCORES epoch 4 F1 0.0550952867014694 


VAL SCORES epoch 4 Total loss 2.3956 

VAL SCORES epoch 4 Prec 0.0427578282102844 

VAL SCORES epoch 4 Recall 0.20677966101694914 

VAL SCORES epoch 4 F1 0.07086269282041516 


[92m Validation score improved (0.0428 --> 0.0709). [0m
TEST SCORES epoch 4 Total loss 2.4276 

TEST SCORES epoch 4 Prec 0.0427578282102844 

TEST SCORES epoch 4 Recall 0.20677966101694914 

TEST SCORES epoch 4 F1 0.07086269282041516 


ALERT!!! Shared variable is shared by encoder_input_embeddings and decoder_input_embeddings
delta training:   0%|          | 0/91 [00:00<?, ?batches/s]
ALERT!!! Shared variable is shared by encoder_input_embeddings and decoder_input_embeddings
gamma training:   0%|          | 0/91 [00:00<?, ?batches/s]
gamma training:   0%|          | 0/91 [00:00<?, ?batches/s]
TRAIN SCORES epoch 5 Total loss 2.5131 

TRAIN SCORES epoch 5 Prec 0.07495766493651972 

TRAIN SCORES epoch 5 Recall 0.17624309392265194 

TRAIN SCORES epoch 5 F1 0.07370195634830311 


VAL SCORES epoch 5 Total loss 2.5225 

VAL SCORES epoch 5 Prec 0.053812822822745694 

VAL SCORES epoch 5 Recall 0.17627118644067796 

VAL SCORES epoch 5 F1 0.08138931730138309 


[92m Validation score improved (0.0709 --> 0.0814). [0m
TEST SCORES epoch 5 Total loss 2.5168 

TEST SCORES epoch 5 Prec 0.040264975519212806 

TEST SCORES epoch 5 Recall 0.17288135593220338 

TEST SCORES epoch 5 F1 0.06512377357930586 


ALERT!!! Shared variable is shared by encoder_input_embeddings and decoder_input_embeddings
delta training:   0%|          | 0/91 [00:00<?, ?batches/s]
ALERT!!! Shared variable is shared by encoder_input_embeddings and decoder_input_embeddings
gamma training:   0%|          | 0/91 [00:00<?, ?batches/s]
gamma training:   0%|          | 0/91 [00:00<?, ?batches/s]
TRAIN SCORES epoch 6 Total loss 2.4012 

TRAIN SCORES epoch 6 Prec 0.20944079329401608 

TRAIN SCORES epoch 6 Recall 0.20718232044198895 

TRAIN SCORES epoch 6 F1 0.11880617483403554 


VAL SCORES epoch 6 Total loss 2.3695 

VAL SCORES epoch 6 Prec 0.11468636824569028 

VAL SCORES epoch 6 Recall 0.20677966101694914 

VAL SCORES epoch 6 F1 0.12106977767994717 


[92m Validation score improved (0.0814 --> 0.1211). [0m
TEST SCORES epoch 6 Total loss 2.3877 

TEST SCORES epoch 6 Prec 0.1535400442815697 

TEST SCORES epoch 6 Recall 0.24067796610169492 

TEST SCORES epoch 6 F1 0.1382206778293197 


ALERT!!! Shared variable is shared by encoder_input_embeddings and decoder_input_embeddings
delta training:   0%|          | 0/91 [00:00<?, ?batches/s]
ALERT!!! Shared variable is shared by encoder_input_embeddings and decoder_input_embeddings
gamma training:   0%|          | 0/91 [00:00<?, ?batches/s]
gamma training:   0%|          | 0/91 [00:00<?, ?batches/s]
TRAIN SCORES epoch 7 Total loss 2.5522 

TRAIN SCORES epoch 7 Prec 0.06348859095716598 

TRAIN SCORES epoch 7 Recall 0.09834254143646409 

TRAIN SCORES epoch 7 F1 0.0326201980823783 


VAL SCORES epoch 7 Total loss 2.4926 

VAL SCORES epoch 7 Prec 0.06977977631730659 

VAL SCORES epoch 7 Recall 0.15254237288135594 

VAL SCORES epoch 7 F1 0.045160298198107844 


[93m EarlyStopping counter: 1 out of 7 [0m
ALERT!!! Shared variable is shared by encoder_input_embeddings and decoder_input_embeddings
delta training:   0%|          | 0/91 [00:00<?, ?batches/s]
ALERT!!! Shared variable is shared by encoder_input_embeddings and decoder_input_embeddings
gamma training:   0%|          | 0/91 [00:00<?, ?batches/s]
gamma training:   0%|          | 0/91 [00:00<?, ?batches/s]
TRAIN SCORES epoch 8 Total loss 2.3829 

TRAIN SCORES epoch 8 Prec 0.12136086833740035 

TRAIN SCORES epoch 8 Recall 0.1867403314917127 

TRAIN SCORES epoch 8 F1 0.10232481651573758 


VAL SCORES epoch 8 Total loss 2.4005 

VAL SCORES epoch 8 Prec 0.09447233520676906 

VAL SCORES epoch 8 Recall 0.16610169491525423 

VAL SCORES epoch 8 F1 0.0731092047256426 


[93m EarlyStopping counter: 2 out of 7 [0m
ALERT!!! Shared variable is shared by encoder_input_embeddings and decoder_input_embeddings
delta training:   0%|          | 0/91 [00:00<?, ?batches/s]
ALERT!!! Shared variable is shared by encoder_input_embeddings and decoder_input_embeddings
gamma training:   0%|          | 0/91 [00:00<?, ?batches/s]
gamma training:   0%|          | 0/91 [00:00<?, ?batches/s]
TRAIN SCORES epoch 9 Total loss 2.3622 

TRAIN SCORES epoch 9 Prec 0.19638652293088654 

TRAIN SCORES epoch 9 Recall 0.14751381215469614 

TRAIN SCORES epoch 9 F1 0.09011537389140878 


VAL SCORES epoch 9 Total loss 2.3780 

VAL SCORES epoch 9 Prec 0.09570537662987587 

VAL SCORES epoch 9 Recall 0.10508474576271186 

VAL SCORES epoch 9 F1 0.08024499166718531 


[93m EarlyStopping counter: 3 out of 7 [0m
Early Stopping TEST SCORES (not the best ones) epoch 9 Total loss 2.3657 

Early Stopping TEST SCORES (not the best ones) epoch 9 Prec 0.12153202239776775 

Early Stopping TEST SCORES (not the best ones) epoch 9 Recall 0.11864406779661017 

Early Stopping TEST SCORES (not the best ones) epoch 9 F1 0.08684056577312979 


ALERT!!! Shared variable is shared by encoder_input_embeddings and decoder_input_embeddings
delta training:   0%|          | 0/91 [00:00<?, ?batches/s]
ALERT!!! Shared variable is shared by encoder_input_embeddings and decoder_input_embeddings
gamma training:   0%|          | 0/91 [00:00<?, ?batches/s]
gamma training:   0%|          | 0/91 [00:00<?, ?batches/s]
TRAIN SCORES epoch 10 Total loss 2.3763 

TRAIN SCORES epoch 10 Prec 0.33818017785332666 

TRAIN SCORES epoch 10 Recall 0.1723756906077348 

TRAIN SCORES epoch 10 F1 0.1412307148179233 


VAL SCORES epoch 10 Total loss 2.4456 

VAL SCORES epoch 10 Prec 0.27769803519066366 

VAL SCORES epoch 10 Recall 0.1423728813559322 

VAL SCORES epoch 10 F1 0.12428373401617804 


[92m Validation score improved (0.1211 --> 0.1243). [0m
TEST SCORES epoch 10 Total loss 2.4169 

TEST SCORES epoch 10 Prec 0.23250171352693055 

TEST SCORES epoch 10 Recall 0.1423728813559322 

TEST SCORES epoch 10 F1 0.108062192983546 


ALERT!!! Shared variable is shared by encoder_input_embeddings and decoder_input_embeddings
delta training:   0%|          | 0/91 [00:00<?, ?batches/s]
ALERT!!! Shared variable is shared by encoder_input_embeddings and decoder_input_embeddings
gamma training:   0%|          | 0/91 [00:00<?, ?batches/s]
gamma training:   0%|          | 0/91 [00:00<?, ?batches/s]
TRAIN SCORES epoch 11 Total loss 2.3303 

TRAIN SCORES epoch 11 Prec 0.3131789971653865 

TRAIN SCORES epoch 11 Recall 0.22486187845303868 

TRAIN SCORES epoch 11 F1 0.1443374384476183 


VAL SCORES epoch 11 Total loss 2.3285 

VAL SCORES epoch 11 Prec 0.3984176893643615 

VAL SCORES epoch 11 Recall 0.20677966101694914 

VAL SCORES epoch 11 F1 0.15731766914947024 


[92m Validation score improved (0.1243 --> 0.1573). [0m
TEST SCORES epoch 11 Total loss 2.4347 

TEST SCORES epoch 11 Prec 0.13044549849859308 

TEST SCORES epoch 11 Recall 0.18305084745762712 

TEST SCORES epoch 11 F1 0.10902267316826918 


ALERT!!! Shared variable is shared by encoder_input_embeddings and decoder_input_embeddings
delta training:   0%|          | 0/91 [00:00<?, ?batches/s]
ALERT!!! Shared variable is shared by encoder_input_embeddings and decoder_input_embeddings
gamma training:   0%|          | 0/91 [00:00<?, ?batches/s]
gamma training:   0%|          | 0/91 [00:00<?, ?batches/s]
TRAIN SCORES epoch 12 Total loss 2.3226 

TRAIN SCORES epoch 12 Prec 0.3651457879384046 

TRAIN SCORES epoch 12 Recall 0.23480662983425415 

TRAIN SCORES epoch 12 F1 0.1800582308839176 


VAL SCORES epoch 12 Total loss 2.3012 

VAL SCORES epoch 12 Prec 0.30832689191314594 

VAL SCORES epoch 12 Recall 0.24745762711864408 

VAL SCORES epoch 12 F1 0.19015664601385315 


[92m Validation score improved (0.1573 --> 0.1902). [0m
TEST SCORES epoch 12 Total loss 2.3840 

TEST SCORES epoch 12 Prec 0.26953658340903386 

TEST SCORES epoch 12 Recall 0.21016949152542372 

TEST SCORES epoch 12 F1 0.14397773386831528 


ALERT!!! Shared variable is shared by encoder_input_embeddings and decoder_input_embeddings
delta training:   0%|          | 0/91 [00:00<?, ?batches/s]
ALERT!!! Shared variable is shared by encoder_input_embeddings and decoder_input_embeddings
gamma training:   0%|          | 0/91 [00:00<?, ?batches/s]
gamma training:   0%|          | 0/91 [00:00<?, ?batches/s]
TRAIN SCORES epoch 13 Total loss 2.2598 

TRAIN SCORES epoch 13 Prec 0.18483417386189988 

TRAIN SCORES epoch 13 Recall 0.2850828729281768 

TRAIN SCORES epoch 13 F1 0.16808114748476805 


VAL SCORES epoch 13 Total loss 2.2638 

VAL SCORES epoch 13 Prec 0.14398042236925584 

VAL SCORES epoch 13 Recall 0.29152542372881357 

VAL SCORES epoch 13 F1 0.1817791996062629 


[93m EarlyStopping counter: 1 out of 7 [0m
ALERT!!! Shared variable is shared by encoder_input_embeddings and decoder_input_embeddings
delta training:   0%|          | 0/91 [00:00<?, ?batches/s]
ALERT!!! Shared variable is shared by encoder_input_embeddings and decoder_input_embeddings
gamma training:   0%|          | 0/91 [00:00<?, ?batches/s]
gamma training:   0%|          | 0/91 [00:00<?, ?batches/s]
TRAIN SCORES epoch 14 Total loss 2.1908 

TRAIN SCORES epoch 14 Prec 0.3294356143188546 

TRAIN SCORES epoch 14 Recall 0.305524861878453 

TRAIN SCORES epoch 14 F1 0.22011573486771774 


VAL SCORES epoch 14 Total loss 2.1639 

VAL SCORES epoch 14 Prec 0.33354738215627244 

VAL SCORES epoch 14 Recall 0.3559322033898305 

VAL SCORES epoch 14 F1 0.26138777798255464 


[92m Validation score improved (0.1902 --> 0.2614). [0m
TEST SCORES epoch 14 Total loss 2.2470 

TEST SCORES epoch 14 Prec 0.257091280901288 

TEST SCORES epoch 14 Recall 0.288135593220339 

TEST SCORES epoch 14 F1 0.1949848005642345 


ALERT!!! Shared variable is shared by encoder_input_embeddings and decoder_input_embeddings
delta training:   0%|          | 0/91 [00:00<?, ?batches/s]
ALERT!!! Shared variable is shared by encoder_input_embeddings and decoder_input_embeddings
gamma training:   0%|          | 0/91 [00:00<?, ?batches/s]
gamma training:   0%|          | 0/91 [00:00<?, ?batches/s]
TRAIN SCORES epoch 15 Total loss 2.1572 

TRAIN SCORES epoch 15 Prec 0.3655349236334778 

TRAIN SCORES epoch 15 Recall 0.318232044198895 

TRAIN SCORES epoch 15 F1 0.2529450631588626 


VAL SCORES epoch 15 Total loss 2.1909 

VAL SCORES epoch 15 Prec 0.3864126649485467 

VAL SCORES epoch 15 Recall 0.27796610169491526 

VAL SCORES epoch 15 F1 0.24505603903266776 


[93m EarlyStopping counter: 1 out of 7 [0m
ALERT!!! Shared variable is shared by encoder_input_embeddings and decoder_input_embeddings
delta training:   0%|          | 0/91 [00:00<?, ?batches/s]
ALERT!!! Shared variable is shared by encoder_input_embeddings and decoder_input_embeddings
gamma training:   0%|          | 0/91 [00:00<?, ?batches/s]
gamma training:   0%|          | 0/91 [00:00<?, ?batches/s]
TRAIN SCORES epoch 16 Total loss 2.1255 

TRAIN SCORES epoch 16 Prec 0.4733782384729975 

TRAIN SCORES epoch 16 Recall 0.3132596685082873 

TRAIN SCORES epoch 16 F1 0.2232236519463949 


VAL SCORES epoch 16 Total loss 2.1517 

VAL SCORES epoch 16 Prec 0.4205788667354158 

VAL SCORES epoch 16 Recall 0.31864406779661014 

VAL SCORES epoch 16 F1 0.22176794658614662 


[93m EarlyStopping counter: 2 out of 7 [0m
ALERT!!! Shared variable is shared by encoder_input_embeddings and decoder_input_embeddings
delta training:   0%|          | 0/91 [00:00<?, ?batches/s]
ALERT!!! Shared variable is shared by encoder_input_embeddings and decoder_input_embeddings
gamma training:   0%|          | 0/91 [00:00<?, ?batches/s]
gamma training:   0%|          | 0/91 [00:00<?, ?batches/s]
TRAIN SCORES epoch 17 Total loss 2.0289 

TRAIN SCORES epoch 17 Prec 0.3898500763177891 

TRAIN SCORES epoch 17 Recall 0.4403314917127072 

TRAIN SCORES epoch 17 F1 0.35622487347818255 


VAL SCORES epoch 17 Total loss 2.0643 

VAL SCORES epoch 17 Prec 0.4322130399691196 

VAL SCORES epoch 17 Recall 0.43728813559322033 

VAL SCORES epoch 17 F1 0.36629053775479176 


[92m Validation score improved (0.2614 --> 0.3663). [0m
TEST SCORES epoch 17 Total loss 2.1249 

TEST SCORES epoch 17 Prec 0.39955417153711276 

TEST SCORES epoch 17 Recall 0.41694915254237286 

TEST SCORES epoch 17 F1 0.3384333269783127 


ALERT!!! Shared variable is shared by encoder_input_embeddings and decoder_input_embeddings
delta training:   0%|          | 0/91 [00:00<?, ?batches/s]
ALERT!!! Shared variable is shared by encoder_input_embeddings and decoder_input_embeddings
gamma training:   0%|          | 0/91 [00:00<?, ?batches/s]
gamma training:   0%|          | 0/91 [00:00<?, ?batches/s]
TRAIN SCORES epoch 18 Total loss 2.0745 

TRAIN SCORES epoch 18 Prec 0.4908112291537941 

TRAIN SCORES epoch 18 Recall 0.3988950276243094 

TRAIN SCORES epoch 18 F1 0.34089005428950564 


VAL SCORES epoch 18 Total loss 2.1315 

VAL SCORES epoch 18 Prec 0.49034900326607456 

VAL SCORES epoch 18 Recall 0.36271186440677966 

VAL SCORES epoch 18 F1 0.3355879237418036 


[93m EarlyStopping counter: 1 out of 7 [0m
ALERT!!! Shared variable is shared by encoder_input_embeddings and decoder_input_embeddings
delta training:   0%|          | 0/91 [00:00<?, ?batches/s]
ALERT!!! Shared variable is shared by encoder_input_embeddings and decoder_input_embeddings
gamma training:   0%|          | 0/91 [00:00<?, ?batches/s]
gamma training:   0%|          | 0/91 [00:00<?, ?batches/s]
TRAIN SCORES epoch 19 Total loss 1.9873 

TRAIN SCORES epoch 19 Prec 0.495673729361851 

TRAIN SCORES epoch 19 Recall 0.42099447513812155 

TRAIN SCORES epoch 19 F1 0.32579151934674316 


VAL SCORES epoch 19 Total loss 2.0047 

VAL SCORES epoch 19 Prec 0.3330752352301989 

VAL SCORES epoch 19 Recall 0.4135593220338983 

VAL SCORES epoch 19 F1 0.32113028417278466 


[93m EarlyStopping counter: 2 out of 7 [0m
Early Stopping TEST SCORES (not the best ones) epoch 19 Total loss 2.0971 

Early Stopping TEST SCORES (not the best ones) epoch 19 Prec 0.362064512947653 

Early Stopping TEST SCORES (not the best ones) epoch 19 Recall 0.3898305084745763 

Early Stopping TEST SCORES (not the best ones) epoch 19 F1 0.2915579511513567 


ALERT!!! Shared variable is shared by encoder_input_embeddings and decoder_input_embeddings
delta training:   0%|          | 0/91 [00:00<?, ?batches/s]
ALERT!!! Shared variable is shared by encoder_input_embeddings and decoder_input_embeddings
gamma training:   0%|          | 0/91 [00:00<?, ?batches/s]
gamma training:   0%|          | 0/91 [00:00<?, ?batches/s]
TRAIN SCORES epoch 20 Total loss 2.0014 

TRAIN SCORES epoch 20 Prec 0.5140311423055898 

TRAIN SCORES epoch 20 Recall 0.36464088397790057 

TRAIN SCORES epoch 20 F1 0.28322298941122825 


VAL SCORES epoch 20 Total loss 2.1706 

VAL SCORES epoch 20 Prec 0.45872928638427324 

VAL SCORES epoch 20 Recall 0.3050847457627119 

VAL SCORES epoch 20 F1 0.23804460170379121 


[93m EarlyStopping counter: 3 out of 7 [0m
ALERT!!! Shared variable is shared by encoder_input_embeddings and decoder_input_embeddings
delta training:   0%|          | 0/91 [00:00<?, ?batches/s]
ALERT!!! Shared variable is shared by encoder_input_embeddings and decoder_input_embeddings
gamma training:   0%|          | 0/91 [00:00<?, ?batches/s]
gamma training:   0%|          | 0/91 [00:00<?, ?batches/s]
TRAIN SCORES epoch 21 Total loss 1.9794 

TRAIN SCORES epoch 21 Prec 0.43717100261139397 

TRAIN SCORES epoch 21 Recall 0.3828729281767956 

TRAIN SCORES epoch 21 F1 0.3208974236667168 


VAL SCORES epoch 21 Total loss 2.0323 

VAL SCORES epoch 21 Prec 0.5006607881981759 

VAL SCORES epoch 21 Recall 0.37966101694915255 

VAL SCORES epoch 21 F1 0.3330379719447587 


[93m EarlyStopping counter: 4 out of 7 [0m
ALERT!!! Shared variable is shared by encoder_input_embeddings and decoder_input_embeddings
delta training:   0%|          | 0/91 [00:00<?, ?batches/s]
ALERT!!! Shared variable is shared by encoder_input_embeddings and decoder_input_embeddings
gamma training:   0%|          | 0/91 [00:00<?, ?batches/s]
gamma training:   0%|          | 0/91 [00:00<?, ?batches/s]
TRAIN SCORES epoch 22 Total loss 1.9918 

TRAIN SCORES epoch 22 Prec 0.5595541343424419 

TRAIN SCORES epoch 22 Recall 0.4038674033149171 

TRAIN SCORES epoch 22 F1 0.380621462303441 


VAL SCORES epoch 22 Total loss 2.0389 

VAL SCORES epoch 22 Prec 0.5976430240071574 

VAL SCORES epoch 22 Recall 0.38305084745762713 

VAL SCORES epoch 22 F1 0.3688110377054986 


[92m Validation score improved (0.3663 --> 0.3688). [0m
TEST SCORES epoch 22 Total loss 2.1238 

TEST SCORES epoch 22 Prec 0.5185200659016641 

TEST SCORES epoch 22 Recall 0.3152542372881356 

TEST SCORES epoch 22 F1 0.2834729960048573 


ALERT!!! Shared variable is shared by encoder_input_embeddings and decoder_input_embeddings
delta training:   0%|          | 0/91 [00:00<?, ?batches/s]
ALERT!!! Shared variable is shared by encoder_input_embeddings and decoder_input_embeddings
gamma training:   0%|          | 0/91 [00:00<?, ?batches/s]
gamma training:   0%|          | 0/91 [00:00<?, ?batches/s]
TRAIN SCORES epoch 23 Total loss 1.9038 

TRAIN SCORES epoch 23 Prec 0.601419984362016 

TRAIN SCORES epoch 23 Recall 0.5209944751381216 

TRAIN SCORES epoch 23 F1 0.46592937470572177 


VAL SCORES epoch 23 Total loss 1.9963 

VAL SCORES epoch 23 Prec 0.5346245565628696 

VAL SCORES epoch 23 Recall 0.4847457627118644 

VAL SCORES epoch 23 F1 0.4439420399502223 


[92m Validation score improved (0.3688 --> 0.4439). [0m
TEST SCORES epoch 23 Total loss 2.0681 

TEST SCORES epoch 23 Prec 0.4018356864286998 

TEST SCORES epoch 23 Recall 0.4135593220338983 

TEST SCORES epoch 23 F1 0.33601228950520123 


ALERT!!! Shared variable is shared by encoder_input_embeddings and decoder_input_embeddings
delta training:   0%|          | 0/91 [00:00<?, ?batches/s]
ALERT!!! Shared variable is shared by encoder_input_embeddings and decoder_input_embeddings
gamma training:   0%|          | 0/91 [00:00<?, ?batches/s]
gamma training:   0%|          | 0/91 [00:00<?, ?batches/s]
TRAIN SCORES epoch 24 Total loss 1.9048 

TRAIN SCORES epoch 24 Prec 0.5621927380110527 

TRAIN SCORES epoch 24 Recall 0.4607734806629834 

TRAIN SCORES epoch 24 F1 0.38978495780342404 


VAL SCORES epoch 24 Total loss 2.0095 

VAL SCORES epoch 24 Prec 0.5493268284737356 

VAL SCORES epoch 24 Recall 0.4271186440677966 

VAL SCORES epoch 24 F1 0.36825218061583004 


[93m EarlyStopping counter: 1 out of 7 [0m
Early Stopping TEST SCORES (not the best ones) epoch 24 Total loss 2.0621 

Early Stopping TEST SCORES (not the best ones) epoch 24 Prec 0.4210662478459089 

Early Stopping TEST SCORES (not the best ones) epoch 24 Recall 0.3288135593220339 

Early Stopping TEST SCORES (not the best ones) epoch 24 F1 0.27457831378511205 


ALERT!!! Shared variable is shared by encoder_input_embeddings and decoder_input_embeddings
delta training:   0%|          | 0/91 [00:00<?, ?batches/s]
ALERT!!! Shared variable is shared by encoder_input_embeddings and decoder_input_embeddings
gamma training:   0%|          | 0/91 [00:00<?, ?batches/s]
gamma training:   0%|          | 0/91 [00:00<?, ?batches/s]
TRAIN SCORES epoch 25 Total loss 1.7871 

TRAIN SCORES epoch 25 Prec 0.5973751898317164 

TRAIN SCORES epoch 25 Recall 0.5171270718232044 

TRAIN SCORES epoch 25 F1 0.49080375995209474 


VAL SCORES epoch 25 Total loss 2.0075 

VAL SCORES epoch 25 Prec 0.580523995778233 

VAL SCORES epoch 25 Recall 0.39322033898305087 

VAL SCORES epoch 25 F1 0.394910496319193 


[93m EarlyStopping counter: 2 out of 7 [0m
ALERT!!! Shared variable is shared by encoder_input_embeddings and decoder_input_embeddings
delta training:   0%|          | 0/91 [00:00<?, ?batches/s]
ALERT!!! Shared variable is shared by encoder_input_embeddings and decoder_input_embeddings
gamma training:   0%|          | 0/91 [00:00<?, ?batches/s]
gamma training:   0%|          | 0/91 [00:00<?, ?batches/s]
TRAIN SCORES epoch 26 Total loss 1.7788 

TRAIN SCORES epoch 26 Prec 0.48309236903832464 

TRAIN SCORES epoch 26 Recall 0.5469613259668509 

TRAIN SCORES epoch 26 F1 0.4630280531352596 


VAL SCORES epoch 26 Total loss 1.8807 

VAL SCORES epoch 26 Prec 0.4895257274677488 

VAL SCORES epoch 26 Recall 0.49491525423728816 

VAL SCORES epoch 26 F1 0.4486519997489066 


[92m Validation score improved (0.4439 --> 0.4487). [0m
TEST SCORES epoch 26 Total loss 2.0056 

TEST SCORES epoch 26 Prec 0.40896119636297407 

TEST SCORES epoch 26 Recall 0.4271186440677966 

TEST SCORES epoch 26 F1 0.3561114854321897 


ALERT!!! Shared variable is shared by encoder_input_embeddings and decoder_input_embeddings
delta training:   0%|          | 0/91 [00:00<?, ?batches/s]
ALERT!!! Shared variable is shared by encoder_input_embeddings and decoder_input_embeddings
gamma training:   0%|          | 0/91 [00:00<?, ?batches/s]
gamma training:   0%|          | 0/91 [00:00<?, ?batches/s]
TRAIN SCORES epoch 27 Total loss 1.7399 

TRAIN SCORES epoch 27 Prec 0.6353794284720922 

TRAIN SCORES epoch 27 Recall 0.5243093922651934 

TRAIN SCORES epoch 27 F1 0.4951912872008291 


VAL SCORES epoch 27 Total loss 1.8450 

VAL SCORES epoch 27 Prec 0.6457496210498584 

VAL SCORES epoch 27 Recall 0.46779661016949153 

VAL SCORES epoch 27 F1 0.4596483552955662 


[92m Validation score improved (0.4487 --> 0.4596). [0m
TEST SCORES epoch 27 Total loss 1.9959 

TEST SCORES epoch 27 Prec 0.5538723422571877 

TEST SCORES epoch 27 Recall 0.4067796610169492 

TEST SCORES epoch 27 F1 0.4011343645664667 


ALERT!!! Shared variable is shared by encoder_input_embeddings and decoder_input_embeddings
delta training:   0%|          | 0/91 [00:00<?, ?batches/s]
ALERT!!! Shared variable is shared by encoder_input_embeddings and decoder_input_embeddings
gamma training:   0%|          | 0/91 [00:00<?, ?batches/s]
gamma training:   0%|          | 0/91 [00:00<?, ?batches/s]
TRAIN SCORES epoch 28 Total loss 1.7378 

TRAIN SCORES epoch 28 Prec 0.5884513941336226 

TRAIN SCORES epoch 28 Recall 0.6121546961325967 

TRAIN SCORES epoch 28 F1 0.5401358263650755 


VAL SCORES epoch 28 Total loss 1.8389 

VAL SCORES epoch 28 Prec 0.50203956983618 

VAL SCORES epoch 28 Recall 0.5423728813559322 

VAL SCORES epoch 28 F1 0.48188190034473943 


[92m Validation score improved (0.4596 --> 0.4819). [0m
TEST SCORES epoch 28 Total loss 1.9519 

TEST SCORES epoch 28 Prec 0.4628101634104048 

TEST SCORES epoch 28 Recall 0.4915254237288136 

TEST SCORES epoch 28 F1 0.4249549543415493 


ALERT!!! Shared variable is shared by encoder_input_embeddings and decoder_input_embeddings
delta training:   0%|          | 0/91 [00:00<?, ?batches/s]
ALERT!!! Shared variable is shared by encoder_input_embeddings and decoder_input_embeddings
gamma training:   0%|          | 0/91 [00:00<?, ?batches/s]
gamma training:   0%|          | 0/91 [00:00<?, ?batches/s]
TRAIN SCORES epoch 29 Total loss 1.6010 

TRAIN SCORES epoch 29 Prec 0.5624983954805007 

TRAIN SCORES epoch 29 Recall 0.587292817679558 

TRAIN SCORES epoch 29 F1 0.509158508126662 


VAL SCORES epoch 29 Total loss 1.7581 

VAL SCORES epoch 29 Prec 0.5143609090994898 

VAL SCORES epoch 29 Recall 0.5423728813559322 

VAL SCORES epoch 29 F1 0.48316436704633237 


[92m Validation score improved (0.4819 --> 0.4832). [0m
TEST SCORES epoch 29 Total loss 1.9121 

TEST SCORES epoch 29 Prec 0.39526830474371655 

TEST SCORES epoch 29 Recall 0.4610169491525424 

TEST SCORES epoch 29 F1 0.39995797700510244 


ALERT!!! Shared variable is shared by encoder_input_embeddings and decoder_input_embeddings
delta training:   0%|          | 0/91 [00:00<?, ?batches/s]
ALERT!!! Shared variable is shared by encoder_input_embeddings and decoder_input_embeddings
gamma training:   0%|          | 0/91 [00:00<?, ?batches/s]
gamma training:   0%|          | 0/91 [00:00<?, ?batches/s]
TRAIN SCORES epoch 30 Total loss 1.6167 

TRAIN SCORES epoch 30 Prec 0.7087229818684875 

TRAIN SCORES epoch 30 Recall 0.5762430939226519 

TRAIN SCORES epoch 30 F1 0.5421302148052868 


VAL SCORES epoch 30 Total loss 1.7706 

VAL SCORES epoch 30 Prec 0.6503813844292408 

VAL SCORES epoch 30 Recall 0.49491525423728816 

VAL SCORES epoch 30 F1 0.4872170171558058 


[92m Validation score improved (0.4832 --> 0.4872). [0m
TEST SCORES epoch 30 Total loss 1.9360 

TEST SCORES epoch 30 Prec 0.4732042208533217 

TEST SCORES epoch 30 Recall 0.4101694915254237 

TEST SCORES epoch 30 F1 0.3935548509879066 


ALERT!!! Shared variable is shared by encoder_input_embeddings and decoder_input_embeddings
delta training:   0%|          | 0/91 [00:00<?, ?batches/s]
ALERT!!! Shared variable is shared by encoder_input_embeddings and decoder_input_embeddings
gamma training:   0%|          | 0/91 [00:00<?, ?batches/s]
gamma training:   0%|          | 0/91 [00:00<?, ?batches/s]
TRAIN SCORES epoch 31 Total loss 1.6699 

TRAIN SCORES epoch 31 Prec 0.6552373373735147 

TRAIN SCORES epoch 31 Recall 0.5580110497237569 

TRAIN SCORES epoch 31 F1 0.4916493484986561 


VAL SCORES epoch 31 Total loss 1.8568 

VAL SCORES epoch 31 Prec 0.508092669584002 

VAL SCORES epoch 31 Recall 0.4711864406779661 

VAL SCORES epoch 31 F1 0.40926834068461093 


[93m EarlyStopping counter: 1 out of 7 [0m
ALERT!!! Shared variable is shared by encoder_input_embeddings and decoder_input_embeddings
delta training:   0%|          | 0/91 [00:00<?, ?batches/s]
ALERT!!! Shared variable is shared by encoder_input_embeddings and decoder_input_embeddings
gamma training:   0%|          | 0/91 [00:00<?, ?batches/s]
gamma training:   0%|          | 0/91 [00:00<?, ?batches/s]
TRAIN SCORES epoch 32 Total loss 1.4670 

TRAIN SCORES epoch 32 Prec 0.7396983330139817 

TRAIN SCORES epoch 32 Recall 0.6298342541436464 

TRAIN SCORES epoch 32 F1 0.5335368725803155 


VAL SCORES epoch 32 Total loss 1.7060 

VAL SCORES epoch 32 Prec 0.6796059377927727 

VAL SCORES epoch 32 Recall 0.5627118644067797 

VAL SCORES epoch 32 F1 0.5038413769147281 


[92m Validation score improved (0.4872 --> 0.5038). [0m
TEST SCORES epoch 32 Total loss 1.8017 

TEST SCORES epoch 32 Prec 0.373621887687938 

TEST SCORES epoch 32 Recall 0.4915254237288136 

TEST SCORES epoch 32 F1 0.4059367377758751 


ALERT!!! Shared variable is shared by encoder_input_embeddings and decoder_input_embeddings
delta training:   0%|          | 0/91 [00:00<?, ?batches/s]
ALERT!!! Shared variable is shared by encoder_input_embeddings and decoder_input_embeddings
gamma training:   0%|          | 0/91 [00:00<?, ?batches/s]
gamma training:   0%|          | 0/91 [00:00<?, ?batches/s]
TRAIN SCORES epoch 33 Total loss 1.5960 

TRAIN SCORES epoch 33 Prec 0.6121933215349324 

TRAIN SCORES epoch 33 Recall 0.6011049723756906 

TRAIN SCORES epoch 33 F1 0.5578950707307402 


VAL SCORES epoch 33 Total loss 1.8690 

VAL SCORES epoch 33 Prec 0.5586456652391716 

VAL SCORES epoch 33 Recall 0.488135593220339 

VAL SCORES epoch 33 F1 0.4698631358173603 


[93m EarlyStopping counter: 1 out of 7 [0m
ALERT!!! Shared variable is shared by encoder_input_embeddings and decoder_input_embeddings
delta training:   0%|          | 0/91 [00:00<?, ?batches/s]
ALERT!!! Shared variable is shared by encoder_input_embeddings and decoder_input_embeddings
gamma training:   0%|          | 0/91 [00:00<?, ?batches/s]
gamma training:   0%|          | 0/91 [00:00<?, ?batches/s]
TRAIN SCORES epoch 34 Total loss 1.5309 

TRAIN SCORES epoch 34 Prec 0.6329914815733204 

TRAIN SCORES epoch 34 Recall 0.643646408839779 

TRAIN SCORES epoch 34 F1 0.5774858684868395 


VAL SCORES epoch 34 Total loss 1.7419 

VAL SCORES epoch 34 Prec 0.6110888766629116 

VAL SCORES epoch 34 Recall 0.576271186440678 

VAL SCORES epoch 34 F1 0.5358180289619952 


[92m Validation score improved (0.5038 --> 0.5358). [0m
TEST SCORES epoch 34 Total loss 1.8828 

TEST SCORES epoch 34 Prec 0.4172242673934266 

TEST SCORES epoch 34 Recall 0.4745762711864407 

TEST SCORES epoch 34 F1 0.41646570920678233 


ALERT!!! Shared variable is shared by encoder_input_embeddings and decoder_input_embeddings
delta training:   0%|          | 0/91 [00:00<?, ?batches/s]
ALERT!!! Shared variable is shared by encoder_input_embeddings and decoder_input_embeddings
gamma training:   0%|          | 0/91 [00:00<?, ?batches/s]
gamma training:   0%|          | 0/91 [00:00<?, ?batches/s]
TRAIN SCORES epoch 35 Total loss 1.5536 

TRAIN SCORES epoch 35 Prec 0.5765985491889277 

TRAIN SCORES epoch 35 Recall 0.6143646408839779 

TRAIN SCORES epoch 35 F1 0.5032864669930497 


VAL SCORES epoch 35 Total loss 1.7698 

VAL SCORES epoch 35 Prec 0.4557507382277515 

VAL SCORES epoch 35 Recall 0.511864406779661 

VAL SCORES epoch 35 F1 0.4304200825472081 


[93m EarlyStopping counter: 1 out of 7 [0m
ALERT!!! Shared variable is shared by encoder_input_embeddings and decoder_input_embeddings
delta training:   0%|          | 0/91 [00:00<?, ?batches/s]
ALERT!!! Shared variable is shared by encoder_input_embeddings and decoder_input_embeddings
gamma training:   0%|          | 0/91 [00:00<?, ?batches/s]
gamma training:   0%|          | 0/91 [00:00<?, ?batches/s]
TRAIN SCORES epoch 36 Total loss 1.4298 

TRAIN SCORES epoch 36 Prec 0.7129559236577638 

TRAIN SCORES epoch 36 Recall 0.6817679558011049 

TRAIN SCORES epoch 36 F1 0.6155281201644855 


VAL SCORES epoch 36 Total loss 1.6956 

VAL SCORES epoch 36 Prec 0.6115558733258053 

VAL SCORES epoch 36 Recall 0.5966101694915255 

VAL SCORES epoch 36 F1 0.5576599688283549 


[92m Validation score improved (0.5358 --> 0.5577). [0m
TEST SCORES epoch 36 Total loss 1.8306 

TEST SCORES epoch 36 Prec 0.5051258962834361 

TEST SCORES epoch 36 Recall 0.4847457627118644 

TEST SCORES epoch 36 F1 0.4241258282428734 


ALERT!!! Shared variable is shared by encoder_input_embeddings and decoder_input_embeddings
delta training:   0%|          | 0/91 [00:00<?, ?batches/s]
ALERT!!! Shared variable is shared by encoder_input_embeddings and decoder_input_embeddings
gamma training:   0%|          | 0/91 [00:00<?, ?batches/s]
gamma training:   0%|          | 0/91 [00:00<?, ?batches/s]
TRAIN SCORES epoch 37 Total loss 1.4465 

TRAIN SCORES epoch 37 Prec 0.6412135539621383 

TRAIN SCORES epoch 37 Recall 0.6883977900552486 

TRAIN SCORES epoch 37 F1 0.6158621533627927 


VAL SCORES epoch 37 Total loss 1.6968 

VAL SCORES epoch 37 Prec 0.522957126533071 

VAL SCORES epoch 37 Recall 0.5525423728813559 

VAL SCORES epoch 37 F1 0.495496760809039 


[93m EarlyStopping counter: 1 out of 7 [0m
ALERT!!! Shared variable is shared by encoder_input_embeddings and decoder_input_embeddings
delta training:   0%|          | 0/91 [00:00<?, ?batches/s]
ALERT!!! Shared variable is shared by encoder_input_embeddings and decoder_input_embeddings
gamma training:   0%|          | 0/91 [00:00<?, ?batches/s]
gamma training:   0%|          | 0/91 [00:00<?, ?batches/s]
TRAIN SCORES epoch 38 Total loss 1.3938 

TRAIN SCORES epoch 38 Prec 0.732973760144399 

TRAIN SCORES epoch 38 Recall 0.6834254143646409 

TRAIN SCORES epoch 38 F1 0.6324085003908416 


VAL SCORES epoch 38 Total loss 1.6578 

VAL SCORES epoch 38 Prec 0.5122787417002224 

VAL SCORES epoch 38 Recall 0.5457627118644067 

VAL SCORES epoch 38 F1 0.4849121669417268 


[93m EarlyStopping counter: 2 out of 7 [0m
ALERT!!! Shared variable is shared by encoder_input_embeddings and decoder_input_embeddings
delta training:   0%|          | 0/91 [00:00<?, ?batches/s]
ALERT!!! Shared variable is shared by encoder_input_embeddings and decoder_input_embeddings
gamma training:   0%|          | 0/91 [00:00<?, ?batches/s]
gamma training:   0%|          | 0/91 [00:00<?, ?batches/s]
TRAIN SCORES epoch 39 Total loss 1.4471 

TRAIN SCORES epoch 39 Prec 0.6998875786862507 

TRAIN SCORES epoch 39 Recall 0.6447513812154696 

TRAIN SCORES epoch 39 F1 0.6212265040664113 


VAL SCORES epoch 39 Total loss 1.7931 

VAL SCORES epoch 39 Prec 0.6124658337724593 

VAL SCORES epoch 39 Recall 0.4440677966101695 

VAL SCORES epoch 39 F1 0.46145846866329077 


[93m EarlyStopping counter: 3 out of 7 [0m
Early Stopping TEST SCORES (not the best ones) epoch 39 Total loss 1.8785 

Early Stopping TEST SCORES (not the best ones) epoch 39 Prec 0.6826407813557295 

Early Stopping TEST SCORES (not the best ones) epoch 39 Recall 0.4101694915254237 

Early Stopping TEST SCORES (not the best ones) epoch 39 F1 0.439433535642937 


ALERT!!! Shared variable is shared by encoder_input_embeddings and decoder_input_embeddings
delta training:   0%|          | 0/91 [00:00<?, ?batches/s]
ALERT!!! Shared variable is shared by encoder_input_embeddings and decoder_input_embeddings
gamma training:   0%|          | 0/91 [00:00<?, ?batches/s]
gamma training:   0%|          | 0/91 [00:00<?, ?batches/s]
TRAIN SCORES epoch 40 Total loss 1.2952 

TRAIN SCORES epoch 40 Prec 0.7971437074039375 

TRAIN SCORES epoch 40 Recall 0.6933701657458563 

TRAIN SCORES epoch 40 F1 0.6319079426484927 


VAL SCORES epoch 40 Total loss 1.6419 

VAL SCORES epoch 40 Prec 0.6447262186416669 

VAL SCORES epoch 40 Recall 0.5559322033898305 

VAL SCORES epoch 40 F1 0.5240809682517765 


[93m EarlyStopping counter: 4 out of 7 [0m
ALERT!!! Shared variable is shared by encoder_input_embeddings and decoder_input_embeddings
delta training:   0%|          | 0/91 [00:00<?, ?batches/s]
ALERT!!! Shared variable is shared by encoder_input_embeddings and decoder_input_embeddings
gamma training:   0%|          | 0/91 [00:00<?, ?batches/s]
gamma training:   0%|          | 0/91 [00:00<?, ?batches/s]
TRAIN SCORES epoch 41 Total loss 1.3397 

TRAIN SCORES epoch 41 Prec 0.680463922726048 

TRAIN SCORES epoch 41 Recall 0.6801104972375691 

TRAIN SCORES epoch 41 F1 0.6005313504327725 


VAL SCORES epoch 41 Total loss 1.6419 

VAL SCORES epoch 41 Prec 0.5355809050710042 

VAL SCORES epoch 41 Recall 0.5389830508474577 

VAL SCORES epoch 41 F1 0.48188096515149814 


[93m EarlyStopping counter: 5 out of 7 [0m
ALERT!!! Shared variable is shared by encoder_input_embeddings and decoder_input_embeddings
delta training:   0%|          | 0/91 [00:00<?, ?batches/s]
ALERT!!! Shared variable is shared by encoder_input_embeddings and decoder_input_embeddings
gamma training:   0%|          | 0/91 [00:00<?, ?batches/s]
gamma training:   0%|          | 0/91 [00:00<?, ?batches/s]
TRAIN SCORES epoch 42 Total loss 1.2466 

TRAIN SCORES epoch 42 Prec 0.7537103960373199 

TRAIN SCORES epoch 42 Recall 0.7856353591160221 

TRAIN SCORES epoch 42 F1 0.7460215773342342 


VAL SCORES epoch 42 Total loss 1.5890 

VAL SCORES epoch 42 Prec 0.6083556816373001 

VAL SCORES epoch 42 Recall 0.5898305084745763 

VAL SCORES epoch 42 F1 0.5622509865366415 


[92m Validation score improved (0.5577 --> 0.5623). [0m
TEST SCORES epoch 42 Total loss 1.7166 

TEST SCORES epoch 42 Prec 0.6062628087660419 

TEST SCORES epoch 42 Recall 0.5457627118644067 

TEST SCORES epoch 42 F1 0.5188793237311339 


ALERT!!! Shared variable is shared by encoder_input_embeddings and decoder_input_embeddings
delta training:   0%|          | 0/91 [00:00<?, ?batches/s]
ALERT!!! Shared variable is shared by encoder_input_embeddings and decoder_input_embeddings
gamma training:   0%|          | 0/91 [00:00<?, ?batches/s]
gamma training:   0%|          | 0/91 [00:00<?, ?batches/s]
TRAIN SCORES epoch 43 Total loss 1.4239 

TRAIN SCORES epoch 43 Prec 0.6169199314240388 

TRAIN SCORES epoch 43 Recall 0.6685082872928176 

TRAIN SCORES epoch 43 F1 0.5903063495831632 


VAL SCORES epoch 43 Total loss 1.7806 

VAL SCORES epoch 43 Prec 0.49106797037323535 

VAL SCORES epoch 43 Recall 0.49491525423728816 

VAL SCORES epoch 43 F1 0.45461722677245114 


[93m EarlyStopping counter: 1 out of 7 [0m
ALERT!!! Shared variable is shared by encoder_input_embeddings and decoder_input_embeddings
delta training:   0%|          | 0/91 [00:00<?, ?batches/s]
ALERT!!! Shared variable is shared by encoder_input_embeddings and decoder_input_embeddings
gamma training:   0%|          | 0/91 [00:00<?, ?batches/s]
gamma training:   0%|          | 0/91 [00:00<?, ?batches/s]
TRAIN SCORES epoch 44 Total loss 1.3330 

TRAIN SCORES epoch 44 Prec 0.7927374108586832 

TRAIN SCORES epoch 44 Recall 0.7812154696132597 

TRAIN SCORES epoch 44 F1 0.7667377809072569 


VAL SCORES epoch 44 Total loss 1.7617 

VAL SCORES epoch 44 Prec 0.6738073320599717 

VAL SCORES epoch 44 Recall 0.5389830508474577 

VAL SCORES epoch 44 F1 0.5566668546785133 


[93m EarlyStopping counter: 2 out of 7 [0m
Early Stopping TEST SCORES (not the best ones) epoch 44 Total loss 1.8753 

Early Stopping TEST SCORES (not the best ones) epoch 44 Prec 0.6523868485873442 

Early Stopping TEST SCORES (not the best ones) epoch 44 Recall 0.4847457627118644 

Early Stopping TEST SCORES (not the best ones) epoch 44 F1 0.5076553485430081 


ALERT!!! Shared variable is shared by encoder_input_embeddings and decoder_input_embeddings
delta training:   0%|          | 0/91 [00:00<?, ?batches/s]
ALERT!!! Shared variable is shared by encoder_input_embeddings and decoder_input_embeddings
gamma training:   0%|          | 0/91 [00:00<?, ?batches/s]
gamma training:   0%|          | 0/91 [00:00<?, ?batches/s]
TRAIN SCORES epoch 45 Total loss 1.1790 

TRAIN SCORES epoch 45 Prec 0.7545223468001301 

TRAIN SCORES epoch 45 Recall 0.7165745856353591 

TRAIN SCORES epoch 45 F1 0.6556314494572193 


VAL SCORES epoch 45 Total loss 1.5457 

VAL SCORES epoch 45 Prec 0.626488216482429 

VAL SCORES epoch 45 Recall 0.5830508474576271 

VAL SCORES epoch 45 F1 0.5475630885017969 


[93m EarlyStopping counter: 3 out of 7 [0m
ALERT!!! Shared variable is shared by encoder_input_embeddings and decoder_input_embeddings
delta training:   0%|          | 0/91 [00:00<?, ?batches/s]
ALERT!!! Shared variable is shared by encoder_input_embeddings and decoder_input_embeddings
gamma training:   0%|          | 0/91 [00:00<?, ?batches/s]
gamma training:   0%|          | 0/91 [00:00<?, ?batches/s]
TRAIN SCORES epoch 46 Total loss 1.2637 

TRAIN SCORES epoch 46 Prec 0.7182059333301106 

TRAIN SCORES epoch 46 Recall 0.7259668508287292 

TRAIN SCORES epoch 46 F1 0.662443005258714 


VAL SCORES epoch 46 Total loss 1.6686 

VAL SCORES epoch 46 Prec 0.590405525408382 

VAL SCORES epoch 46 Recall 0.5457627118644067 

VAL SCORES epoch 46 F1 0.5143870288616051 


[93m EarlyStopping counter: 4 out of 7 [0m
ALERT!!! Shared variable is shared by encoder_input_embeddings and decoder_input_embeddings
delta training:   0%|          | 0/91 [00:00<?, ?batches/s]
ALERT!!! Shared variable is shared by encoder_input_embeddings and decoder_input_embeddings
gamma training:   0%|          | 0/91 [00:00<?, ?batches/s]
gamma training:   0%|          | 0/91 [00:00<?, ?batches/s]
TRAIN SCORES epoch 47 Total loss 1.2256 

TRAIN SCORES epoch 47 Prec 0.6985981573751814 

TRAIN SCORES epoch 47 Recall 0.7088397790055249 

TRAIN SCORES epoch 47 F1 0.6435009225909981 


VAL SCORES epoch 47 Total loss 1.6357 

VAL SCORES epoch 47 Prec 0.5755287599081554 

VAL SCORES epoch 47 Recall 0.5423728813559322 

VAL SCORES epoch 47 F1 0.5021986856980023 


[93m EarlyStopping counter: 5 out of 7 [0m
ALERT!!! Shared variable is shared by encoder_input_embeddings and decoder_input_embeddings
delta training:   0%|          | 0/91 [00:00<?, ?batches/s]
ALERT!!! Shared variable is shared by encoder_input_embeddings and decoder_input_embeddings
gamma training:   0%|          | 0/91 [00:00<?, ?batches/s]
gamma training:   0%|          | 0/91 [00:00<?, ?batches/s]
TRAIN SCORES epoch 48 Total loss 1.0998 

TRAIN SCORES epoch 48 Prec 0.8561603875587848 

TRAIN SCORES epoch 48 Recall 0.8005524861878454 

TRAIN SCORES epoch 48 F1 0.7736724323665926 


VAL SCORES epoch 48 Total loss 1.5564 

VAL SCORES epoch 48 Prec 0.633538060492689 

VAL SCORES epoch 48 Recall 0.576271186440678 

VAL SCORES epoch 48 F1 0.554683836180819 


[93m EarlyStopping counter: 6 out of 7 [0m
ALERT!!! Shared variable is shared by encoder_input_embeddings and decoder_input_embeddings
delta training:   0%|          | 0/91 [00:00<?, ?batches/s]
ALERT!!! Shared variable is shared by encoder_input_embeddings and decoder_input_embeddings
gamma training:   0%|          | 0/91 [00:00<?, ?batches/s]
gamma training:   0%|          | 0/91 [00:00<?, ?batches/s]
TRAIN SCORES epoch 49 Total loss 1.0457 

TRAIN SCORES epoch 49 Prec 0.8264850645650738 

TRAIN SCORES epoch 49 Recall 0.7961325966850828 

TRAIN SCORES epoch 49 F1 0.7527688193191454 


VAL SCORES epoch 49 Total loss 1.4902 

VAL SCORES epoch 49 Prec 0.6015951937635825 

VAL SCORES epoch 49 Recall 0.5932203389830508 

VAL SCORES epoch 49 F1 0.5556034501724314 


[93m EarlyStopping counter: 7 out of 7 [0m
