/cluster/raid/home/zhivar.sourati/ProtoTEx
Mon Oct 24 00:42:06 2022       
+-----------------------------------------------------------------------------+
| NVIDIA-SMI 460.32.03    Driver Version: 460.32.03    CUDA Version: 11.2     |
|-------------------------------+----------------------+----------------------+
| GPU  Name        Persistence-M| Bus-Id        Disp.A | Volatile Uncorr. ECC |
| Fan  Temp  Perf  Pwr:Usage/Cap|         Memory-Usage | GPU-Util  Compute M. |
|                               |                      |               MIG M. |
|===============================+======================+======================|
|   0  A100-PCIE-40GB      Off  | 00000000:27:00.0 Off |                    0 |
| N/A   27C    P0    33W / 250W |      0MiB / 40536MiB |      0%      Default |
|                               |                      |             Disabled |
+-------------------------------+----------------------+----------------------+
                                                                               
+-----------------------------------------------------------------------------+
| Processes:                                                                  |
|  GPU   GI   CI        PID   Type   Process name                  GPU Memory |
|        ID   ID                                                   Usage      |
|=============================================================================|
|  No running processes found                                                 |
+-----------------------------------------------------------------------------+
0
ProtoTEx best model: 20, 20
initializing prototypes with xavier init
VAL SCORES epoch -1 Total loss 2.6197 

VAL SCORES epoch -1 Prec 0.05233973599549286 

VAL SCORES epoch -1 Recall 0.07457627118644068 

VAL SCORES epoch -1 F1 0.04312100022231681 


ALERT!!! Shared variable is shared by encoder_input_embeddings and decoder_input_embeddings
delta training:   0%|          | 0/91 [00:00<?, ?batches/s]
ALERT!!! Shared variable is shared by encoder_input_embeddings and decoder_input_embeddings
gamma training:   0%|          | 0/91 [00:00<?, ?batches/s]
gamma training:   0%|          | 0/91 [00:00<?, ?batches/s]
TRAIN SCORES epoch 0 Total loss 2.5914 

TRAIN SCORES epoch 0 Prec 0.007248830919260897 

TRAIN SCORES epoch 0 Recall 0.07403314917127071 

TRAIN SCORES epoch 0 F1 0.011170057131699874 


VAL SCORES epoch 0 Total loss 2.5743 

VAL SCORES epoch 0 Prec 0.0037613187833758998 

VAL SCORES epoch 0 Recall 0.061016949152542375 

VAL SCORES epoch 0 F1 0.007085839256424276 


[92m Validation score improved (-inf --> 0.0071). [0m
TEST SCORES epoch 0 Total loss 2.5850 

TEST SCORES epoch 0 Prec 0.009562959050891015 

TEST SCORES epoch 0 Recall 0.06779661016949153 

TEST SCORES epoch 0 F1 0.012220387088497986 


ALERT!!! Shared variable is shared by encoder_input_embeddings and decoder_input_embeddings
delta training:   0%|          | 0/91 [00:00<?, ?batches/s]
ALERT!!! Shared variable is shared by encoder_input_embeddings and decoder_input_embeddings
gamma training:   0%|          | 0/91 [00:00<?, ?batches/s]
gamma training:   0%|          | 0/91 [00:00<?, ?batches/s]
TRAIN SCORES epoch 1 Total loss 2.5612 

TRAIN SCORES epoch 1 Prec 0.15660715872563527 

TRAIN SCORES epoch 1 Recall 0.07513812154696133 

TRAIN SCORES epoch 1 F1 0.012436551360059321 


VAL SCORES epoch 1 Total loss 2.5526 

VAL SCORES epoch 1 Prec 0.0037230680838839414 

VAL SCORES epoch 1 Recall 0.061016949152542375 

VAL SCORES epoch 1 F1 0.007017923864190178 


[93m EarlyStopping counter: 1 out of 7 [0m
ALERT!!! Shared variable is shared by encoder_input_embeddings and decoder_input_embeddings
delta training:   0%|          | 0/91 [00:00<?, ?batches/s]
ALERT!!! Shared variable is shared by encoder_input_embeddings and decoder_input_embeddings
gamma training:   0%|          | 0/91 [00:00<?, ?batches/s]
gamma training:   0%|          | 0/91 [00:00<?, ?batches/s]
TRAIN SCORES epoch 2 Total loss 2.4413 

TRAIN SCORES epoch 2 Prec 0.031061628155428712 

TRAIN SCORES epoch 2 Recall 0.17624309392265194 

TRAIN SCORES epoch 2 F1 0.052814980705801755 


VAL SCORES epoch 2 Total loss 2.4621 

VAL SCORES epoch 2 Prec 0.0427578282102844 

VAL SCORES epoch 2 Recall 0.20677966101694914 

VAL SCORES epoch 2 F1 0.07086269282041516 


[92m Validation score improved (0.0071 --> 0.0709). [0m
TEST SCORES epoch 2 Total loss 2.4387 

TEST SCORES epoch 2 Prec 0.0427578282102844 

TEST SCORES epoch 2 Recall 0.20677966101694914 

TEST SCORES epoch 2 F1 0.07086269282041516 


ALERT!!! Shared variable is shared by encoder_input_embeddings and decoder_input_embeddings
delta training:   0%|          | 0/91 [00:00<?, ?batches/s]
ALERT!!! Shared variable is shared by encoder_input_embeddings and decoder_input_embeddings
gamma training:   0%|          | 0/91 [00:00<?, ?batches/s]
gamma training:   0%|          | 0/91 [00:00<?, ?batches/s]
TRAIN SCORES epoch 3 Total loss 2.5282 

TRAIN SCORES epoch 3 Prec 0.10590606827604353 

TRAIN SCORES epoch 3 Recall 0.1005524861878453 

TRAIN SCORES epoch 3 F1 0.03735396108944502 


VAL SCORES epoch 3 Total loss 2.4796 

VAL SCORES epoch 3 Prec 0.1773450575591521 

VAL SCORES epoch 3 Recall 0.1694915254237288 

VAL SCORES epoch 3 F1 0.07564030034357015 


[92m Validation score improved (0.0709 --> 0.0756). [0m
TEST SCORES epoch 3 Total loss 2.5442 

TEST SCORES epoch 3 Prec 0.10114986647950035 

TEST SCORES epoch 3 Recall 0.11864406779661017 

TEST SCORES epoch 3 F1 0.04815067124457281 


ALERT!!! Shared variable is shared by encoder_input_embeddings and decoder_input_embeddings
delta training:   0%|          | 0/91 [00:00<?, ?batches/s]
ALERT!!! Shared variable is shared by encoder_input_embeddings and decoder_input_embeddings
gamma training:   0%|          | 0/91 [00:00<?, ?batches/s]
gamma training:   0%|          | 0/91 [00:00<?, ?batches/s]
TRAIN SCORES epoch 4 Total loss 2.4087 

TRAIN SCORES epoch 4 Prec 0.16029582813061252 

TRAIN SCORES epoch 4 Recall 0.15856353591160222 

TRAIN SCORES epoch 4 F1 0.07986120658557389 


VAL SCORES epoch 4 Total loss 2.3397 

VAL SCORES epoch 4 Prec 0.17645904305281016 

VAL SCORES epoch 4 Recall 0.15254237288135594 

VAL SCORES epoch 4 F1 0.0762227071917081 


[92m Validation score improved (0.0756 --> 0.0762). [0m
TEST SCORES epoch 4 Total loss 2.3642 

TEST SCORES epoch 4 Prec 0.1927609114049792 

TEST SCORES epoch 4 Recall 0.17627118644067796 

TEST SCORES epoch 4 F1 0.09589490551699466 


ALERT!!! Shared variable is shared by encoder_input_embeddings and decoder_input_embeddings
delta training:   0%|          | 0/91 [00:00<?, ?batches/s]
ALERT!!! Shared variable is shared by encoder_input_embeddings and decoder_input_embeddings
gamma training:   0%|          | 0/91 [00:00<?, ?batches/s]
gamma training:   0%|          | 0/91 [00:00<?, ?batches/s]
TRAIN SCORES epoch 5 Total loss 2.4111 

TRAIN SCORES epoch 5 Prec 0.19896346743687937 

TRAIN SCORES epoch 5 Recall 0.18232044198895028 

TRAIN SCORES epoch 5 F1 0.12192050957144279 


VAL SCORES epoch 5 Total loss 2.3761 

VAL SCORES epoch 5 Prec 0.192533593943804 

VAL SCORES epoch 5 Recall 0.24067796610169492 

VAL SCORES epoch 5 F1 0.16637618976847574 


[92m Validation score improved (0.0762 --> 0.1664). [0m
TEST SCORES epoch 5 Total loss 2.4290 

TEST SCORES epoch 5 Prec 0.17064318804552644 

TEST SCORES epoch 5 Recall 0.16271186440677965 

TEST SCORES epoch 5 F1 0.09461150442067473 


ALERT!!! Shared variable is shared by encoder_input_embeddings and decoder_input_embeddings
delta training:   0%|          | 0/91 [00:00<?, ?batches/s]
ALERT!!! Shared variable is shared by encoder_input_embeddings and decoder_input_embeddings
gamma training:   0%|          | 0/91 [00:00<?, ?batches/s]
gamma training:   0%|          | 0/91 [00:00<?, ?batches/s]
TRAIN SCORES epoch 6 Total loss 2.4637 

TRAIN SCORES epoch 6 Prec 0.19344278030678652 

TRAIN SCORES epoch 6 Recall 0.1861878453038674 

TRAIN SCORES epoch 6 F1 0.1332417974974904 


VAL SCORES epoch 6 Total loss 2.4457 

VAL SCORES epoch 6 Prec 0.22986664131029075 

VAL SCORES epoch 6 Recall 0.20677966101694914 

VAL SCORES epoch 6 F1 0.15459612266794942 


[93m EarlyStopping counter: 1 out of 7 [0m
ALERT!!! Shared variable is shared by encoder_input_embeddings and decoder_input_embeddings
delta training:   0%|          | 0/91 [00:00<?, ?batches/s]
ALERT!!! Shared variable is shared by encoder_input_embeddings and decoder_input_embeddings
gamma training:   0%|          | 0/91 [00:00<?, ?batches/s]
gamma training:   0%|          | 0/91 [00:00<?, ?batches/s]
TRAIN SCORES epoch 7 Total loss 2.3737 

TRAIN SCORES epoch 7 Prec 0.388586218095056 

TRAIN SCORES epoch 7 Recall 0.26077348066298345 

TRAIN SCORES epoch 7 F1 0.1675901914907399 


VAL SCORES epoch 7 Total loss 2.4233 

VAL SCORES epoch 7 Prec 0.3328306860241194 

VAL SCORES epoch 7 Recall 0.24745762711864408 

VAL SCORES epoch 7 F1 0.1532883363321035 


[93m EarlyStopping counter: 2 out of 7 [0m
ALERT!!! Shared variable is shared by encoder_input_embeddings and decoder_input_embeddings
delta training:   0%|          | 0/91 [00:00<?, ?batches/s]
ALERT!!! Shared variable is shared by encoder_input_embeddings and decoder_input_embeddings
gamma training:   0%|          | 0/91 [00:00<?, ?batches/s]
gamma training:   0%|          | 0/91 [00:00<?, ?batches/s]
TRAIN SCORES epoch 8 Total loss 2.1825 

TRAIN SCORES epoch 8 Prec 0.2652000567111958 

TRAIN SCORES epoch 8 Recall 0.3370165745856354 

TRAIN SCORES epoch 8 F1 0.19001545813043513 


VAL SCORES epoch 8 Total loss 2.1038 

VAL SCORES epoch 8 Prec 0.17569101446162944 

VAL SCORES epoch 8 Recall 0.36610169491525424 

VAL SCORES epoch 8 F1 0.23682227801672745 


[92m Validation score improved (0.1664 --> 0.2368). [0m
TEST SCORES epoch 8 Total loss 2.1676 

TEST SCORES epoch 8 Prec 0.21655931444359267 

TEST SCORES epoch 8 Recall 0.39322033898305087 

TEST SCORES epoch 8 F1 0.24835084897595114 


ALERT!!! Shared variable is shared by encoder_input_embeddings and decoder_input_embeddings
delta training:   0%|          | 0/91 [00:00<?, ?batches/s]
ALERT!!! Shared variable is shared by encoder_input_embeddings and decoder_input_embeddings
gamma training:   0%|          | 0/91 [00:00<?, ?batches/s]
gamma training:   0%|          | 0/91 [00:00<?, ?batches/s]
TRAIN SCORES epoch 9 Total loss 2.2418 

TRAIN SCORES epoch 9 Prec 0.35623064740716914 

TRAIN SCORES epoch 9 Recall 0.24861878453038674 

TRAIN SCORES epoch 9 F1 0.19583773319970382 


VAL SCORES epoch 9 Total loss 2.2084 

VAL SCORES epoch 9 Prec 0.2555997165298529 

VAL SCORES epoch 9 Recall 0.2745762711864407 

VAL SCORES epoch 9 F1 0.23730517820420735 


[92m Validation score improved (0.2368 --> 0.2373). [0m
TEST SCORES epoch 9 Total loss 2.2656 

TEST SCORES epoch 9 Prec 0.23367231638418082 

TEST SCORES epoch 9 Recall 0.2711864406779661 

TEST SCORES epoch 9 F1 0.2147217910132531 


ALERT!!! Shared variable is shared by encoder_input_embeddings and decoder_input_embeddings
delta training:   0%|          | 0/91 [00:00<?, ?batches/s]
ALERT!!! Shared variable is shared by encoder_input_embeddings and decoder_input_embeddings
gamma training:   0%|          | 0/91 [00:00<?, ?batches/s]
gamma training:   0%|          | 0/91 [00:00<?, ?batches/s]
TRAIN SCORES epoch 10 Total loss 2.0999 

TRAIN SCORES epoch 10 Prec 0.3603019259084798 

TRAIN SCORES epoch 10 Recall 0.3729281767955801 

TRAIN SCORES epoch 10 F1 0.30227492989699034 


VAL SCORES epoch 10 Total loss 2.0913 

VAL SCORES epoch 10 Prec 0.33641678108388473 

VAL SCORES epoch 10 Recall 0.3559322033898305 

VAL SCORES epoch 10 F1 0.29670333153348344 


[92m Validation score improved (0.2373 --> 0.2967). [0m
TEST SCORES epoch 10 Total loss 2.1068 

TEST SCORES epoch 10 Prec 0.2891105937761414 

TEST SCORES epoch 10 Recall 0.36271186440677966 

TEST SCORES epoch 10 F1 0.28410640596496817 


ALERT!!! Shared variable is shared by encoder_input_embeddings and decoder_input_embeddings
delta training:   0%|          | 0/91 [00:00<?, ?batches/s]
ALERT!!! Shared variable is shared by encoder_input_embeddings and decoder_input_embeddings
gamma training:   0%|          | 0/91 [00:00<?, ?batches/s]
gamma training:   0%|          | 0/91 [00:00<?, ?batches/s]
TRAIN SCORES epoch 11 Total loss 2.0758 

TRAIN SCORES epoch 11 Prec 0.43058232889996356 

TRAIN SCORES epoch 11 Recall 0.3243093922651934 

TRAIN SCORES epoch 11 F1 0.22943526615569826 


VAL SCORES epoch 11 Total loss 2.0669 

VAL SCORES epoch 11 Prec 0.42624025122951414 

VAL SCORES epoch 11 Recall 0.3288135593220339 

VAL SCORES epoch 11 F1 0.24438887578806742 


[93m EarlyStopping counter: 1 out of 7 [0m
ALERT!!! Shared variable is shared by encoder_input_embeddings and decoder_input_embeddings
delta training:   0%|          | 0/91 [00:00<?, ?batches/s]
ALERT!!! Shared variable is shared by encoder_input_embeddings and decoder_input_embeddings
gamma training:   0%|          | 0/91 [00:00<?, ?batches/s]
gamma training:   0%|          | 0/91 [00:00<?, ?batches/s]
TRAIN SCORES epoch 12 Total loss 2.0209 

TRAIN SCORES epoch 12 Prec 0.4820871024014071 

TRAIN SCORES epoch 12 Recall 0.38453038674033146 

TRAIN SCORES epoch 12 F1 0.3132852620363021 


VAL SCORES epoch 12 Total loss 2.0299 

VAL SCORES epoch 12 Prec 0.4210269203489542 

VAL SCORES epoch 12 Recall 0.36610169491525424 

VAL SCORES epoch 12 F1 0.3138000033553653 


[92m Validation score improved (0.2967 --> 0.3138). [0m
TEST SCORES epoch 12 Total loss 2.0916 

TEST SCORES epoch 12 Prec 0.3200406949293903 

TEST SCORES epoch 12 Recall 0.36271186440677966 

TEST SCORES epoch 12 F1 0.3088386737762306 


ALERT!!! Shared variable is shared by encoder_input_embeddings and decoder_input_embeddings
delta training:   0%|          | 0/91 [00:00<?, ?batches/s]
ALERT!!! Shared variable is shared by encoder_input_embeddings and decoder_input_embeddings
gamma training:   0%|          | 0/91 [00:00<?, ?batches/s]
gamma training:   0%|          | 0/91 [00:00<?, ?batches/s]
TRAIN SCORES epoch 13 Total loss 2.1408 

TRAIN SCORES epoch 13 Prec 0.42770002965125353 

TRAIN SCORES epoch 13 Recall 0.3370165745856354 

TRAIN SCORES epoch 13 F1 0.27703615671336007 


VAL SCORES epoch 13 Total loss 2.1679 

VAL SCORES epoch 13 Prec 0.4196747132340353 

VAL SCORES epoch 13 Recall 0.31186440677966104 

VAL SCORES epoch 13 F1 0.25903029975228575 


[93m EarlyStopping counter: 1 out of 7 [0m
ALERT!!! Shared variable is shared by encoder_input_embeddings and decoder_input_embeddings
delta training:   0%|          | 0/91 [00:00<?, ?batches/s]
ALERT!!! Shared variable is shared by encoder_input_embeddings and decoder_input_embeddings
gamma training:   0%|          | 0/91 [00:00<?, ?batches/s]
gamma training:   0%|          | 0/91 [00:00<?, ?batches/s]
TRAIN SCORES epoch 14 Total loss 2.0886 

TRAIN SCORES epoch 14 Prec 0.2984431772797358 

TRAIN SCORES epoch 14 Recall 0.33812154696132596 

TRAIN SCORES epoch 14 F1 0.2375829600907879 


VAL SCORES epoch 14 Total loss 2.0897 

VAL SCORES epoch 14 Prec 0.30838768834966873 

VAL SCORES epoch 14 Recall 0.3559322033898305 

VAL SCORES epoch 14 F1 0.2635576568768591 


[93m EarlyStopping counter: 2 out of 7 [0m
Early Stopping TEST SCORES (not the best ones) epoch 14 Total loss 2.2110 

Early Stopping TEST SCORES (not the best ones) epoch 14 Prec 0.23660456546537434 

Early Stopping TEST SCORES (not the best ones) epoch 14 Recall 0.30847457627118646 

Early Stopping TEST SCORES (not the best ones) epoch 14 F1 0.21098388667596785 


ALERT!!! Shared variable is shared by encoder_input_embeddings and decoder_input_embeddings
delta training:   0%|          | 0/91 [00:00<?, ?batches/s]
ALERT!!! Shared variable is shared by encoder_input_embeddings and decoder_input_embeddings
gamma training:   0%|          | 0/91 [00:00<?, ?batches/s]
gamma training:   0%|          | 0/91 [00:00<?, ?batches/s]
TRAIN SCORES epoch 15 Total loss 2.0368 

TRAIN SCORES epoch 15 Prec 0.409203925030683 

TRAIN SCORES epoch 15 Recall 0.425414364640884 

TRAIN SCORES epoch 15 F1 0.35422864916757435 


VAL SCORES epoch 15 Total loss 2.0688 

VAL SCORES epoch 15 Prec 0.43742448635438413 

VAL SCORES epoch 15 Recall 0.4135593220338983 

VAL SCORES epoch 15 F1 0.35991880891709305 


[92m Validation score improved (0.3138 --> 0.3599). [0m
TEST SCORES epoch 15 Total loss 2.1695 

TEST SCORES epoch 15 Prec 0.377890933758598 

TEST SCORES epoch 15 Recall 0.3559322033898305 

TEST SCORES epoch 15 F1 0.2972907020518197 


ALERT!!! Shared variable is shared by encoder_input_embeddings and decoder_input_embeddings
delta training:   0%|          | 0/91 [00:00<?, ?batches/s]
ALERT!!! Shared variable is shared by encoder_input_embeddings and decoder_input_embeddings
gamma training:   0%|          | 0/91 [00:00<?, ?batches/s]
gamma training:   0%|          | 0/91 [00:00<?, ?batches/s]
TRAIN SCORES epoch 16 Total loss 1.9388 

TRAIN SCORES epoch 16 Prec 0.5927853010431621 

TRAIN SCORES epoch 16 Recall 0.4066298342541437 

TRAIN SCORES epoch 16 F1 0.32944955992221275 


VAL SCORES epoch 16 Total loss 1.9600 

VAL SCORES epoch 16 Prec 0.48487097679968577 

VAL SCORES epoch 16 Recall 0.39322033898305087 

VAL SCORES epoch 16 F1 0.3159364062536423 


[93m EarlyStopping counter: 1 out of 7 [0m
ALERT!!! Shared variable is shared by encoder_input_embeddings and decoder_input_embeddings
delta training:   0%|          | 0/91 [00:00<?, ?batches/s]
ALERT!!! Shared variable is shared by encoder_input_embeddings and decoder_input_embeddings
gamma training:   0%|          | 0/91 [00:00<?, ?batches/s]
gamma training:   0%|          | 0/91 [00:00<?, ?batches/s]
TRAIN SCORES epoch 17 Total loss 2.1265 

TRAIN SCORES epoch 17 Prec 0.3365938657965778 

TRAIN SCORES epoch 17 Recall 0.32320441988950277 

TRAIN SCORES epoch 17 F1 0.267081931853748 


VAL SCORES epoch 17 Total loss 2.1313 

VAL SCORES epoch 17 Prec 0.38495154868036224 

VAL SCORES epoch 17 Recall 0.3016949152542373 

VAL SCORES epoch 17 F1 0.2786740519433359 


[93m EarlyStopping counter: 2 out of 7 [0m
ALERT!!! Shared variable is shared by encoder_input_embeddings and decoder_input_embeddings
delta training:   0%|          | 0/91 [00:00<?, ?batches/s]
ALERT!!! Shared variable is shared by encoder_input_embeddings and decoder_input_embeddings
gamma training:   0%|          | 0/91 [00:00<?, ?batches/s]
gamma training:   0%|          | 0/91 [00:00<?, ?batches/s]
TRAIN SCORES epoch 18 Total loss 1.9206 

TRAIN SCORES epoch 18 Prec 0.4579562548062757 

TRAIN SCORES epoch 18 Recall 0.4016574585635359 

TRAIN SCORES epoch 18 F1 0.329201765511181 


VAL SCORES epoch 18 Total loss 1.9607 

VAL SCORES epoch 18 Prec 0.4404478323271943 

VAL SCORES epoch 18 Recall 0.38305084745762713 

VAL SCORES epoch 18 F1 0.3139968939739306 


[93m EarlyStopping counter: 3 out of 7 [0m
ALERT!!! Shared variable is shared by encoder_input_embeddings and decoder_input_embeddings
delta training:   0%|          | 0/91 [00:00<?, ?batches/s]
ALERT!!! Shared variable is shared by encoder_input_embeddings and decoder_input_embeddings
gamma training:   0%|          | 0/91 [00:00<?, ?batches/s]
gamma training:   0%|          | 0/91 [00:00<?, ?batches/s]
TRAIN SCORES epoch 19 Total loss 1.8876 

TRAIN SCORES epoch 19 Prec 0.584664257136913 

TRAIN SCORES epoch 19 Recall 0.49392265193370166 

TRAIN SCORES epoch 19 F1 0.44135849195846993 


VAL SCORES epoch 19 Total loss 1.9605 

VAL SCORES epoch 19 Prec 0.5662652727059506 

VAL SCORES epoch 19 Recall 0.423728813559322 

VAL SCORES epoch 19 F1 0.37988556670102464 


[92m Validation score improved (0.3599 --> 0.3799). [0m
TEST SCORES epoch 19 Total loss 2.0342 

TEST SCORES epoch 19 Prec 0.5017294125635217 

TEST SCORES epoch 19 Recall 0.4033898305084746 

TEST SCORES epoch 19 F1 0.36147038548071775 


ALERT!!! Shared variable is shared by encoder_input_embeddings and decoder_input_embeddings
delta training:   0%|          | 0/91 [00:00<?, ?batches/s]
ALERT!!! Shared variable is shared by encoder_input_embeddings and decoder_input_embeddings
gamma training:   0%|          | 0/91 [00:00<?, ?batches/s]
gamma training:   0%|          | 0/91 [00:00<?, ?batches/s]
TRAIN SCORES epoch 20 Total loss 1.9664 

TRAIN SCORES epoch 20 Prec 0.3988631650177858 

TRAIN SCORES epoch 20 Recall 0.4298342541436464 

TRAIN SCORES epoch 20 F1 0.33788886269900575 


VAL SCORES epoch 20 Total loss 2.0184 

VAL SCORES epoch 20 Prec 0.30224463387951644 

VAL SCORES epoch 20 Recall 0.3864406779661017 

VAL SCORES epoch 20 F1 0.3174846290985251 


[93m EarlyStopping counter: 1 out of 7 [0m
ALERT!!! Shared variable is shared by encoder_input_embeddings and decoder_input_embeddings
delta training:   0%|          | 0/91 [00:00<?, ?batches/s]
ALERT!!! Shared variable is shared by encoder_input_embeddings and decoder_input_embeddings
gamma training:   0%|          | 0/91 [00:00<?, ?batches/s]
gamma training:   0%|          | 0/91 [00:00<?, ?batches/s]
TRAIN SCORES epoch 21 Total loss 1.8510 

TRAIN SCORES epoch 21 Prec 0.6067130823469614 

TRAIN SCORES epoch 21 Recall 0.5187845303867403 

TRAIN SCORES epoch 21 F1 0.4624853235544817 


VAL SCORES epoch 21 Total loss 2.0032 

VAL SCORES epoch 21 Prec 0.4968819253269285 

VAL SCORES epoch 21 Recall 0.4101694915254237 

VAL SCORES epoch 21 F1 0.38016072434343984 


[92m Validation score improved (0.3799 --> 0.3802). [0m
TEST SCORES epoch 21 Total loss 2.0729 

TEST SCORES epoch 21 Prec 0.35715468633342207 

TEST SCORES epoch 21 Recall 0.39322033898305087 

TEST SCORES epoch 21 F1 0.3290851384022667 


ALERT!!! Shared variable is shared by encoder_input_embeddings and decoder_input_embeddings
delta training:   0%|          | 0/91 [00:00<?, ?batches/s]
ALERT!!! Shared variable is shared by encoder_input_embeddings and decoder_input_embeddings
gamma training:   0%|          | 0/91 [00:00<?, ?batches/s]
gamma training:   0%|          | 0/91 [00:00<?, ?batches/s]
TRAIN SCORES epoch 22 Total loss 1.9460 

TRAIN SCORES epoch 22 Prec 0.4543963949858409 

TRAIN SCORES epoch 22 Recall 0.39779005524861877 

TRAIN SCORES epoch 22 F1 0.3300600796363071 


VAL SCORES epoch 22 Total loss 2.0433 

VAL SCORES epoch 22 Prec 0.3594550006155866 

VAL SCORES epoch 22 Recall 0.31186440677966104 

VAL SCORES epoch 22 F1 0.28452829503636107 


[93m EarlyStopping counter: 1 out of 7 [0m
ALERT!!! Shared variable is shared by encoder_input_embeddings and decoder_input_embeddings
delta training:   0%|          | 0/91 [00:00<?, ?batches/s]
ALERT!!! Shared variable is shared by encoder_input_embeddings and decoder_input_embeddings
gamma training:   0%|          | 0/91 [00:00<?, ?batches/s]
gamma training:   0%|          | 0/91 [00:00<?, ?batches/s]
TRAIN SCORES epoch 23 Total loss 1.7762 

TRAIN SCORES epoch 23 Prec 0.4943096319998789 

TRAIN SCORES epoch 23 Recall 0.450828729281768 

TRAIN SCORES epoch 23 F1 0.3639005168302542 


VAL SCORES epoch 23 Total loss 1.8961 

VAL SCORES epoch 23 Prec 0.5154166774328481 

VAL SCORES epoch 23 Recall 0.4 

VAL SCORES epoch 23 F1 0.34742156091189025 


[93m EarlyStopping counter: 2 out of 7 [0m
ALERT!!! Shared variable is shared by encoder_input_embeddings and decoder_input_embeddings
delta training:   0%|          | 0/91 [00:00<?, ?batches/s]
ALERT!!! Shared variable is shared by encoder_input_embeddings and decoder_input_embeddings
gamma training:   0%|          | 0/91 [00:00<?, ?batches/s]
gamma training:   0%|          | 0/91 [00:00<?, ?batches/s]
TRAIN SCORES epoch 24 Total loss 1.8823 

TRAIN SCORES epoch 24 Prec 0.39330196238477055 

TRAIN SCORES epoch 24 Recall 0.38176795580110495 

TRAIN SCORES epoch 24 F1 0.2907686058230941 


VAL SCORES epoch 24 Total loss 1.9814 

VAL SCORES epoch 24 Prec 0.4332990926211265 

VAL SCORES epoch 24 Recall 0.3898305084745763 

VAL SCORES epoch 24 F1 0.3065399584787945 


[93m EarlyStopping counter: 3 out of 7 [0m
Early Stopping TEST SCORES (not the best ones) epoch 24 Total loss 2.0774 

Early Stopping TEST SCORES (not the best ones) epoch 24 Prec 0.3678367589800469 

Early Stopping TEST SCORES (not the best ones) epoch 24 Recall 0.3423728813559322 

Early Stopping TEST SCORES (not the best ones) epoch 24 F1 0.24468275403090686 


ALERT!!! Shared variable is shared by encoder_input_embeddings and decoder_input_embeddings
delta training:   0%|          | 0/91 [00:00<?, ?batches/s]
ALERT!!! Shared variable is shared by encoder_input_embeddings and decoder_input_embeddings
gamma training:   0%|          | 0/91 [00:00<?, ?batches/s]
gamma training:   0%|          | 0/91 [00:00<?, ?batches/s]
TRAIN SCORES epoch 25 Total loss 1.9145 

TRAIN SCORES epoch 25 Prec 0.48539829736222134 

TRAIN SCORES epoch 25 Recall 0.4574585635359116 

TRAIN SCORES epoch 25 F1 0.4019492206698692 


VAL SCORES epoch 25 Total loss 2.0386 

VAL SCORES epoch 25 Prec 0.4385579451874875 

VAL SCORES epoch 25 Recall 0.39322033898305087 

VAL SCORES epoch 25 F1 0.35475766721392055 


[93m EarlyStopping counter: 4 out of 7 [0m
ALERT!!! Shared variable is shared by encoder_input_embeddings and decoder_input_embeddings
delta training:   0%|          | 0/91 [00:00<?, ?batches/s]
ALERT!!! Shared variable is shared by encoder_input_embeddings and decoder_input_embeddings
gamma training:   0%|          | 0/91 [00:00<?, ?batches/s]
gamma training:   0%|          | 0/91 [00:00<?, ?batches/s]
TRAIN SCORES epoch 26 Total loss 1.6526 

TRAIN SCORES epoch 26 Prec 0.6562223480249755 

TRAIN SCORES epoch 26 Recall 0.5712707182320442 

TRAIN SCORES epoch 26 F1 0.5169481302410682 


VAL SCORES epoch 26 Total loss 1.8699 

VAL SCORES epoch 26 Prec 0.49869918578184197 

VAL SCORES epoch 26 Recall 0.44745762711864406 

VAL SCORES epoch 26 F1 0.4202728428491141 


[92m Validation score improved (0.3802 --> 0.4203). [0m
TEST SCORES epoch 26 Total loss 1.9380 

TEST SCORES epoch 26 Prec 0.390721333705478 

TEST SCORES epoch 26 Recall 0.41694915254237286 

TEST SCORES epoch 26 F1 0.352010441503567 


ALERT!!! Shared variable is shared by encoder_input_embeddings and decoder_input_embeddings
delta training:   0%|          | 0/91 [00:00<?, ?batches/s]
ALERT!!! Shared variable is shared by encoder_input_embeddings and decoder_input_embeddings
gamma training:   0%|          | 0/91 [00:00<?, ?batches/s]
gamma training:   0%|          | 0/91 [00:00<?, ?batches/s]
TRAIN SCORES epoch 27 Total loss 1.7161 

TRAIN SCORES epoch 27 Prec 0.5626946145773131 

TRAIN SCORES epoch 27 Recall 0.5552486187845304 

TRAIN SCORES epoch 27 F1 0.4849240952155867 


VAL SCORES epoch 27 Total loss 1.8728 

VAL SCORES epoch 27 Prec 0.5578317002520259 

VAL SCORES epoch 27 Recall 0.488135593220339 

VAL SCORES epoch 27 F1 0.43463564127472537 


[92m Validation score improved (0.4203 --> 0.4346). [0m
TEST SCORES epoch 27 Total loss 1.9436 

TEST SCORES epoch 27 Prec 0.38863727727075187 

TEST SCORES epoch 27 Recall 0.4101694915254237 

TEST SCORES epoch 27 F1 0.3503249154048882 


ALERT!!! Shared variable is shared by encoder_input_embeddings and decoder_input_embeddings
delta training:   0%|          | 0/91 [00:00<?, ?batches/s]
ALERT!!! Shared variable is shared by encoder_input_embeddings and decoder_input_embeddings
gamma training:   0%|          | 0/91 [00:00<?, ?batches/s]
gamma training:   0%|          | 0/91 [00:00<?, ?batches/s]
TRAIN SCORES epoch 28 Total loss 1.8156 

TRAIN SCORES epoch 28 Prec 0.6500946086303867 

TRAIN SCORES epoch 28 Recall 0.5165745856353591 

TRAIN SCORES epoch 28 F1 0.4434756830949575 


VAL SCORES epoch 28 Total loss 1.9965 

VAL SCORES epoch 28 Prec 0.4278888178232598 

VAL SCORES epoch 28 Recall 0.44745762711864406 

VAL SCORES epoch 28 F1 0.3844945470162879 


[93m EarlyStopping counter: 1 out of 7 [0m
ALERT!!! Shared variable is shared by encoder_input_embeddings and decoder_input_embeddings
delta training:   0%|          | 0/91 [00:00<?, ?batches/s]
ALERT!!! Shared variable is shared by encoder_input_embeddings and decoder_input_embeddings
gamma training:   0%|          | 0/91 [00:00<?, ?batches/s]
gamma training:   0%|          | 0/91 [00:00<?, ?batches/s]
TRAIN SCORES epoch 29 Total loss 1.7477 

TRAIN SCORES epoch 29 Prec 0.5185267622974976 

TRAIN SCORES epoch 29 Recall 0.46464088397790054 

TRAIN SCORES epoch 29 F1 0.39789356107734086 


VAL SCORES epoch 29 Total loss 1.9150 

VAL SCORES epoch 29 Prec 0.49904539320675906 

VAL SCORES epoch 29 Recall 0.43728813559322033 

VAL SCORES epoch 29 F1 0.37960322082029235 


[93m EarlyStopping counter: 2 out of 7 [0m
Early Stopping TEST SCORES (not the best ones) epoch 29 Total loss 2.0119 

Early Stopping TEST SCORES (not the best ones) epoch 29 Prec 0.449431704885344 

Early Stopping TEST SCORES (not the best ones) epoch 29 Recall 0.376271186440678 

Early Stopping TEST SCORES (not the best ones) epoch 29 F1 0.3113517094503038 


ALERT!!! Shared variable is shared by encoder_input_embeddings and decoder_input_embeddings
delta training:   0%|          | 0/91 [00:00<?, ?batches/s]
ALERT!!! Shared variable is shared by encoder_input_embeddings and decoder_input_embeddings
gamma training:   0%|          | 0/91 [00:00<?, ?batches/s]
gamma training:   0%|          | 0/91 [00:00<?, ?batches/s]
TRAIN SCORES epoch 30 Total loss 1.6583 

TRAIN SCORES epoch 30 Prec 0.6810893436240061 

TRAIN SCORES epoch 30 Recall 0.6016574585635359 

TRAIN SCORES epoch 30 F1 0.5778040059729456 


VAL SCORES epoch 30 Total loss 1.8957 

VAL SCORES epoch 30 Prec 0.5697443490699776 

VAL SCORES epoch 30 Recall 0.43728813559322033 

VAL SCORES epoch 30 F1 0.4389062121783541 


[92m Validation score improved (0.4346 --> 0.4389). [0m
TEST SCORES epoch 30 Total loss 1.9618 

TEST SCORES epoch 30 Prec 0.45999686080013 

TEST SCORES epoch 30 Recall 0.4101694915254237 

TEST SCORES epoch 30 F1 0.39516966815873494 


ALERT!!! Shared variable is shared by encoder_input_embeddings and decoder_input_embeddings
delta training:   0%|          | 0/91 [00:00<?, ?batches/s]
ALERT!!! Shared variable is shared by encoder_input_embeddings and decoder_input_embeddings
gamma training:   0%|          | 0/91 [00:00<?, ?batches/s]
gamma training:   0%|          | 0/91 [00:00<?, ?batches/s]
TRAIN SCORES epoch 31 Total loss 1.6305 

TRAIN SCORES epoch 31 Prec 0.647598792534441 

TRAIN SCORES epoch 31 Recall 0.6265193370165746 

TRAIN SCORES epoch 31 F1 0.5693589684026685 


VAL SCORES epoch 31 Total loss 1.8559 

VAL SCORES epoch 31 Prec 0.5207387185418608 

VAL SCORES epoch 31 Recall 0.48135593220338985 

VAL SCORES epoch 31 F1 0.44907892726802145 


[92m Validation score improved (0.4389 --> 0.4491). [0m
TEST SCORES epoch 31 Total loss 1.9458 

TEST SCORES epoch 31 Prec 0.455797552984376 

TEST SCORES epoch 31 Recall 0.45084745762711864 

TEST SCORES epoch 31 F1 0.40349593576706594 


ALERT!!! Shared variable is shared by encoder_input_embeddings and decoder_input_embeddings
delta training:   0%|          | 0/91 [00:00<?, ?batches/s]
ALERT!!! Shared variable is shared by encoder_input_embeddings and decoder_input_embeddings
gamma training:   0%|          | 0/91 [00:00<?, ?batches/s]
gamma training:   0%|          | 0/91 [00:00<?, ?batches/s]
TRAIN SCORES epoch 32 Total loss 1.3158 

TRAIN SCORES epoch 32 Prec 0.7539411951638363 

TRAIN SCORES epoch 32 Recall 0.687292817679558 

TRAIN SCORES epoch 32 F1 0.6333062041373401 


VAL SCORES epoch 32 Total loss 1.6283 

VAL SCORES epoch 32 Prec 0.589468739600846 

VAL SCORES epoch 32 Recall 0.5559322033898305 

VAL SCORES epoch 32 F1 0.5132194338774813 


[92m Validation score improved (0.4491 --> 0.5132). [0m
TEST SCORES epoch 32 Total loss 1.7682 

TEST SCORES epoch 32 Prec 0.5133880791609099 

TEST SCORES epoch 32 Recall 0.48135593220338985 

TEST SCORES epoch 32 F1 0.4104439653878276 


ALERT!!! Shared variable is shared by encoder_input_embeddings and decoder_input_embeddings
delta training:   0%|          | 0/91 [00:00<?, ?batches/s]
ALERT!!! Shared variable is shared by encoder_input_embeddings and decoder_input_embeddings
gamma training:   0%|          | 0/91 [00:00<?, ?batches/s]
gamma training:   0%|          | 0/91 [00:00<?, ?batches/s]
TRAIN SCORES epoch 33 Total loss 1.5283 

TRAIN SCORES epoch 33 Prec 0.6952970454387112 

TRAIN SCORES epoch 33 Recall 0.6922651933701658 

TRAIN SCORES epoch 33 F1 0.6564307383698534 


VAL SCORES epoch 33 Total loss 1.7864 

VAL SCORES epoch 33 Prec 0.6064610583951258 

VAL SCORES epoch 33 Recall 0.5254237288135594 

VAL SCORES epoch 33 F1 0.4999957526991547 


[93m EarlyStopping counter: 1 out of 7 [0m
ALERT!!! Shared variable is shared by encoder_input_embeddings and decoder_input_embeddings
delta training:   0%|          | 0/91 [00:00<?, ?batches/s]
ALERT!!! Shared variable is shared by encoder_input_embeddings and decoder_input_embeddings
gamma training:   0%|          | 0/91 [00:00<?, ?batches/s]
gamma training:   0%|          | 0/91 [00:00<?, ?batches/s]
TRAIN SCORES epoch 34 Total loss 1.3621 

TRAIN SCORES epoch 34 Prec 0.7280388476030665 

TRAIN SCORES epoch 34 Recall 0.638121546961326 

TRAIN SCORES epoch 34 F1 0.6310285535012019 


VAL SCORES epoch 34 Total loss 1.7531 

VAL SCORES epoch 34 Prec 0.573671518403263 

VAL SCORES epoch 34 Recall 0.4847457627118644 

VAL SCORES epoch 34 F1 0.48055311236126075 


[93m EarlyStopping counter: 2 out of 7 [0m
Early Stopping TEST SCORES (not the best ones) epoch 34 Total loss 1.8385 

Early Stopping TEST SCORES (not the best ones) epoch 34 Prec 0.5568935239648681 

Early Stopping TEST SCORES (not the best ones) epoch 34 Recall 0.43050847457627117 

Early Stopping TEST SCORES (not the best ones) epoch 34 F1 0.4224242086464116 


ALERT!!! Shared variable is shared by encoder_input_embeddings and decoder_input_embeddings
delta training:   0%|          | 0/91 [00:00<?, ?batches/s]
ALERT!!! Shared variable is shared by encoder_input_embeddings and decoder_input_embeddings
gamma training:   0%|          | 0/91 [00:00<?, ?batches/s]
gamma training:   0%|          | 0/91 [00:00<?, ?batches/s]
TRAIN SCORES epoch 35 Total loss 1.5355 

TRAIN SCORES epoch 35 Prec 0.542092167760593 

TRAIN SCORES epoch 35 Recall 0.6038674033149172 

TRAIN SCORES epoch 35 F1 0.5412876070992435 


VAL SCORES epoch 35 Total loss 1.7122 

VAL SCORES epoch 35 Prec 0.5343839544019379 

VAL SCORES epoch 35 Recall 0.511864406779661 

VAL SCORES epoch 35 F1 0.4747777039045092 


[93m EarlyStopping counter: 3 out of 7 [0m
ALERT!!! Shared variable is shared by encoder_input_embeddings and decoder_input_embeddings
delta training:   0%|          | 0/91 [00:00<?, ?batches/s]
ALERT!!! Shared variable is shared by encoder_input_embeddings and decoder_input_embeddings
gamma training:   0%|          | 0/91 [00:00<?, ?batches/s]
gamma training:   0%|          | 0/91 [00:00<?, ?batches/s]
TRAIN SCORES epoch 36 Total loss 1.6356 

TRAIN SCORES epoch 36 Prec 0.6965196828513356 

TRAIN SCORES epoch 36 Recall 0.5917127071823205 

TRAIN SCORES epoch 36 F1 0.5168194488857344 


VAL SCORES epoch 36 Total loss 1.9005 

VAL SCORES epoch 36 Prec 0.43157291925760105 

VAL SCORES epoch 36 Recall 0.4542372881355932 

VAL SCORES epoch 36 F1 0.40566148201722046 


[93m EarlyStopping counter: 4 out of 7 [0m
ALERT!!! Shared variable is shared by encoder_input_embeddings and decoder_input_embeddings
delta training:   0%|          | 0/91 [00:00<?, ?batches/s]
ALERT!!! Shared variable is shared by encoder_input_embeddings and decoder_input_embeddings
gamma training:   0%|          | 0/91 [00:00<?, ?batches/s]
gamma training:   0%|          | 0/91 [00:00<?, ?batches/s]
TRAIN SCORES epoch 37 Total loss 1.5536 

TRAIN SCORES epoch 37 Prec 0.6045208462420503 

TRAIN SCORES epoch 37 Recall 0.5806629834254143 

TRAIN SCORES epoch 37 F1 0.5340982566421779 


VAL SCORES epoch 37 Total loss 1.8496 

VAL SCORES epoch 37 Prec 0.4993920452492861 

VAL SCORES epoch 37 Recall 0.45084745762711864 

VAL SCORES epoch 37 F1 0.40621401625516373 


[93m EarlyStopping counter: 5 out of 7 [0m
ALERT!!! Shared variable is shared by encoder_input_embeddings and decoder_input_embeddings
delta training:   0%|          | 0/91 [00:00<?, ?batches/s]
ALERT!!! Shared variable is shared by encoder_input_embeddings and decoder_input_embeddings
gamma training:   0%|          | 0/91 [00:00<?, ?batches/s]
gamma training:   0%|          | 0/91 [00:00<?, ?batches/s]
TRAIN SCORES epoch 38 Total loss 1.2964 

TRAIN SCORES epoch 38 Prec 0.7313697213763235 

TRAIN SCORES epoch 38 Recall 0.6812154696132596 

TRAIN SCORES epoch 38 F1 0.6271924436751274 


VAL SCORES epoch 38 Total loss 1.6341 

VAL SCORES epoch 38 Prec 0.5540326278186282 

VAL SCORES epoch 38 Recall 0.5423728813559322 

VAL SCORES epoch 38 F1 0.49311476894155054 


[93m EarlyStopping counter: 6 out of 7 [0m
ALERT!!! Shared variable is shared by encoder_input_embeddings and decoder_input_embeddings
delta training:   0%|          | 0/91 [00:00<?, ?batches/s]
ALERT!!! Shared variable is shared by encoder_input_embeddings and decoder_input_embeddings
gamma training:   0%|          | 0/91 [00:00<?, ?batches/s]
gamma training:   0%|          | 0/91 [00:00<?, ?batches/s]
TRAIN SCORES epoch 39 Total loss 1.1019 

TRAIN SCORES epoch 39 Prec 0.821739887513329 

TRAIN SCORES epoch 39 Recall 0.8033149171270718 

TRAIN SCORES epoch 39 F1 0.7806221877764169 


VAL SCORES epoch 39 Total loss 1.5541 

VAL SCORES epoch 39 Prec 0.6338999582485518 

VAL SCORES epoch 39 Recall 0.6033898305084746 

VAL SCORES epoch 39 F1 0.5834713393285245 


[92m Validation score improved (0.5132 --> 0.5835). [0m
TEST SCORES epoch 39 Total loss 1.7075 

TEST SCORES epoch 39 Prec 0.5391920255607632 

TEST SCORES epoch 39 Recall 0.5220338983050847 

TEST SCORES epoch 39 F1 0.4784584023693207 


ALERT!!! Shared variable is shared by encoder_input_embeddings and decoder_input_embeddings
delta training:   0%|          | 0/91 [00:00<?, ?batches/s]
ALERT!!! Shared variable is shared by encoder_input_embeddings and decoder_input_embeddings
gamma training:   0%|          | 0/91 [00:00<?, ?batches/s]
gamma training:   0%|          | 0/91 [00:00<?, ?batches/s]
TRAIN SCORES epoch 40 Total loss 1.0244 

TRAIN SCORES epoch 40 Prec 0.82555129817216 

TRAIN SCORES epoch 40 Recall 0.8220994475138121 

TRAIN SCORES epoch 40 F1 0.8065270124101211 


VAL SCORES epoch 40 Total loss 1.5330 

VAL SCORES epoch 40 Prec 0.6247986602341052 

VAL SCORES epoch 40 Recall 0.5830508474576271 

VAL SCORES epoch 40 F1 0.565844701813386 


[93m EarlyStopping counter: 1 out of 7 [0m
ALERT!!! Shared variable is shared by encoder_input_embeddings and decoder_input_embeddings
delta training:   0%|          | 0/91 [00:00<?, ?batches/s]
ALERT!!! Shared variable is shared by encoder_input_embeddings and decoder_input_embeddings
gamma training:   0%|          | 0/91 [00:00<?, ?batches/s]
gamma training:   0%|          | 0/91 [00:00<?, ?batches/s]
TRAIN SCORES epoch 41 Total loss 0.9686 

TRAIN SCORES epoch 41 Prec 0.8584278200979331 

TRAIN SCORES epoch 41 Recall 0.8480662983425414 

TRAIN SCORES epoch 41 F1 0.8381196929222199 


VAL SCORES epoch 41 Total loss 1.5011 

VAL SCORES epoch 41 Prec 0.6218860988352514 

VAL SCORES epoch 41 Recall 0.5966101694915255 

VAL SCORES epoch 41 F1 0.5769172906759986 


[93m EarlyStopping counter: 2 out of 7 [0m
ALERT!!! Shared variable is shared by encoder_input_embeddings and decoder_input_embeddings
delta training:   0%|          | 0/91 [00:00<?, ?batches/s]
ALERT!!! Shared variable is shared by encoder_input_embeddings and decoder_input_embeddings
gamma training:   0%|          | 0/91 [00:00<?, ?batches/s]
gamma training:   0%|          | 0/91 [00:00<?, ?batches/s]
TRAIN SCORES epoch 42 Total loss 0.9662 

TRAIN SCORES epoch 42 Prec 0.8614758429749015 

TRAIN SCORES epoch 42 Recall 0.8574585635359117 

TRAIN SCORES epoch 42 F1 0.8489301670394886 


VAL SCORES epoch 42 Total loss 1.5157 

VAL SCORES epoch 42 Prec 0.6558354415361444 

VAL SCORES epoch 42 Recall 0.6169491525423729 

VAL SCORES epoch 42 F1 0.6090731481233832 


[92m Validation score improved (0.5835 --> 0.6091). [0m
TEST SCORES epoch 42 Total loss 1.6151 

TEST SCORES epoch 42 Prec 0.5478143138215851 

TEST SCORES epoch 42 Recall 0.5491525423728814 

TEST SCORES epoch 42 F1 0.5190449535510904 


ALERT!!! Shared variable is shared by encoder_input_embeddings and decoder_input_embeddings
delta training:   0%|          | 0/91 [00:00<?, ?batches/s]
ALERT!!! Shared variable is shared by encoder_input_embeddings and decoder_input_embeddings
gamma training:   0%|          | 0/91 [00:00<?, ?batches/s]
gamma training:   0%|          | 0/91 [00:00<?, ?batches/s]
TRAIN SCORES epoch 43 Total loss 0.9757 

TRAIN SCORES epoch 43 Prec 0.8363432339709245 

TRAIN SCORES epoch 43 Recall 0.8193370165745857 

TRAIN SCORES epoch 43 F1 0.8036926307346105 


VAL SCORES epoch 43 Total loss 1.4908 

VAL SCORES epoch 43 Prec 0.6495763849866653 

VAL SCORES epoch 43 Recall 0.6 

VAL SCORES epoch 43 F1 0.5822325687176123 


[93m EarlyStopping counter: 1 out of 7 [0m
ALERT!!! Shared variable is shared by encoder_input_embeddings and decoder_input_embeddings
delta training:   0%|          | 0/91 [00:00<?, ?batches/s]
ALERT!!! Shared variable is shared by encoder_input_embeddings and decoder_input_embeddings
gamma training:   0%|          | 0/91 [00:00<?, ?batches/s]
gamma training:   0%|          | 0/91 [00:00<?, ?batches/s]
TRAIN SCORES epoch 44 Total loss 0.9050 

TRAIN SCORES epoch 44 Prec 0.8717560817949306 

TRAIN SCORES epoch 44 Recall 0.8624309392265194 

TRAIN SCORES epoch 44 F1 0.8550580239646204 


VAL SCORES epoch 44 Total loss 1.4547 

VAL SCORES epoch 44 Prec 0.6448254067399207 

VAL SCORES epoch 44 Recall 0.6305084745762712 

VAL SCORES epoch 44 F1 0.6145160958864506 


[92m Validation score improved (0.6091 --> 0.6145). [0m
TEST SCORES epoch 44 Total loss 1.5839 

TEST SCORES epoch 44 Prec 0.5825439443994028 

TEST SCORES epoch 44 Recall 0.559322033898305 

TEST SCORES epoch 44 F1 0.5261854289097152 


ALERT!!! Shared variable is shared by encoder_input_embeddings and decoder_input_embeddings
delta training:   0%|          | 0/91 [00:00<?, ?batches/s]
ALERT!!! Shared variable is shared by encoder_input_embeddings and decoder_input_embeddings
gamma training:   0%|          | 0/91 [00:00<?, ?batches/s]
gamma training:   0%|          | 0/91 [00:00<?, ?batches/s]
TRAIN SCORES epoch 45 Total loss 0.8840 

TRAIN SCORES epoch 45 Prec 0.8957293423944622 

TRAIN SCORES epoch 45 Recall 0.8900552486187845 

TRAIN SCORES epoch 45 F1 0.8871797806124291 


VAL SCORES epoch 45 Total loss 1.4743 

VAL SCORES epoch 45 Prec 0.6509395411849648 

VAL SCORES epoch 45 Recall 0.6372881355932203 

VAL SCORES epoch 45 F1 0.6281639274365665 


[92m Validation score improved (0.6145 --> 0.6282). [0m
TEST SCORES epoch 45 Total loss 1.5954 

TEST SCORES epoch 45 Prec 0.5688488018894474 

TEST SCORES epoch 45 Recall 0.5423728813559322 

TEST SCORES epoch 45 F1 0.5204915121416827 


ALERT!!! Shared variable is shared by encoder_input_embeddings and decoder_input_embeddings
delta training:   0%|          | 0/91 [00:00<?, ?batches/s]
ALERT!!! Shared variable is shared by encoder_input_embeddings and decoder_input_embeddings
gamma training:   0%|          | 0/91 [00:00<?, ?batches/s]
gamma training:   0%|          | 0/91 [00:00<?, ?batches/s]
TRAIN SCORES epoch 46 Total loss 0.8527 

TRAIN SCORES epoch 46 Prec 0.8995795157267165 

TRAIN SCORES epoch 46 Recall 0.8867403314917127 

TRAIN SCORES epoch 46 F1 0.8840153747336683 


VAL SCORES epoch 46 Total loss 1.4589 

VAL SCORES epoch 46 Prec 0.6734975469495845 

VAL SCORES epoch 46 Recall 0.6440677966101694 

VAL SCORES epoch 46 F1 0.6392831207261434 


[92m Validation score improved (0.6282 --> 0.6393). [0m
TEST SCORES epoch 46 Total loss 1.5572 

TEST SCORES epoch 46 Prec 0.585026626804375 

TEST SCORES epoch 46 Recall 0.5661016949152542 

TEST SCORES epoch 46 F1 0.545913318568306 


ALERT!!! Shared variable is shared by encoder_input_embeddings and decoder_input_embeddings
delta training:   0%|          | 0/91 [00:00<?, ?batches/s]
ALERT!!! Shared variable is shared by encoder_input_embeddings and decoder_input_embeddings
gamma training:   0%|          | 0/91 [00:00<?, ?batches/s]
gamma training:   0%|          | 0/91 [00:00<?, ?batches/s]
TRAIN SCORES epoch 47 Total loss 0.8400 

TRAIN SCORES epoch 47 Prec 0.9104041528101501 

TRAIN SCORES epoch 47 Recall 0.9049723756906077 

TRAIN SCORES epoch 47 F1 0.9028383739108846 


VAL SCORES epoch 47 Total loss 1.4837 

VAL SCORES epoch 47 Prec 0.6609608636306146 

VAL SCORES epoch 47 Recall 0.6440677966101694 

VAL SCORES epoch 47 F1 0.637094395279614 


[93m EarlyStopping counter: 1 out of 7 [0m
ALERT!!! Shared variable is shared by encoder_input_embeddings and decoder_input_embeddings
delta training:   0%|          | 0/91 [00:00<?, ?batches/s]
ALERT!!! Shared variable is shared by encoder_input_embeddings and decoder_input_embeddings
gamma training:   0%|          | 0/91 [00:00<?, ?batches/s]
gamma training:   0%|          | 0/91 [00:00<?, ?batches/s]
TRAIN SCORES epoch 48 Total loss 0.7983 

TRAIN SCORES epoch 48 Prec 0.9186350358520353 

TRAIN SCORES epoch 48 Recall 0.9165745856353591 

TRAIN SCORES epoch 48 F1 0.9148484926143782 


VAL SCORES epoch 48 Total loss 1.4170 

VAL SCORES epoch 48 Prec 0.6719068826750094 

VAL SCORES epoch 48 Recall 0.6542372881355932 

VAL SCORES epoch 48 F1 0.6489412112289281 


[92m Validation score improved (0.6393 --> 0.6489). [0m
TEST SCORES epoch 48 Total loss 1.5605 

TEST SCORES epoch 48 Prec 0.5857397627264747 

TEST SCORES epoch 48 Recall 0.576271186440678 

TEST SCORES epoch 48 F1 0.5578757937807088 


ALERT!!! Shared variable is shared by encoder_input_embeddings and decoder_input_embeddings
delta training:   0%|          | 0/91 [00:00<?, ?batches/s]
ALERT!!! Shared variable is shared by encoder_input_embeddings and decoder_input_embeddings
gamma training:   0%|          | 0/91 [00:00<?, ?batches/s]
gamma training:   0%|          | 0/91 [00:00<?, ?batches/s]
TRAIN SCORES epoch 49 Total loss 0.7714 

TRAIN SCORES epoch 49 Prec 0.909491710584255 

TRAIN SCORES epoch 49 Recall 0.9038674033149171 

TRAIN SCORES epoch 49 F1 0.9020284427080493 


VAL SCORES epoch 49 Total loss 1.3839 

VAL SCORES epoch 49 Prec 0.6708772527274058 

VAL SCORES epoch 49 Recall 0.6644067796610169 

VAL SCORES epoch 49 F1 0.6580996653193985 


[92m Validation score improved (0.6489 --> 0.6581). [0m
TEST SCORES epoch 49 Total loss 1.5342 

TEST SCORES epoch 49 Prec 0.5893302265043058 

TEST SCORES epoch 49 Recall 0.5728813559322034 

TEST SCORES epoch 49 F1 0.5488757826745452 


ALERT!!! Shared variable is shared by encoder_input_embeddings and decoder_input_embeddings
delta training:   0%|          | 0/91 [00:00<?, ?batches/s]
ALERT!!! Shared variable is shared by encoder_input_embeddings and decoder_input_embeddings
gamma training:   0%|          | 0/91 [00:00<?, ?batches/s]
gamma training:   0%|          | 0/91 [00:00<?, ?batches/s]
TRAIN SCORES epoch 50 Total loss 0.7933 

TRAIN SCORES epoch 50 Prec 0.9146100462469929 

TRAIN SCORES epoch 50 Recall 0.905524861878453 

TRAIN SCORES epoch 50 F1 0.9037072789193589 


VAL SCORES epoch 50 Total loss 1.4517 

VAL SCORES epoch 50 Prec 0.656660969203342 

VAL SCORES epoch 50 Recall 0.6372881355932203 

VAL SCORES epoch 50 F1 0.630701730545228 


[93m EarlyStopping counter: 1 out of 7 [0m
ALERT!!! Shared variable is shared by encoder_input_embeddings and decoder_input_embeddings
delta training:   0%|          | 0/91 [00:00<?, ?batches/s]
ALERT!!! Shared variable is shared by encoder_input_embeddings and decoder_input_embeddings
gamma training:   0%|          | 0/91 [00:00<?, ?batches/s]
gamma training:   0%|          | 0/91 [00:00<?, ?batches/s]
TRAIN SCORES epoch 51 Total loss 0.7413 

TRAIN SCORES epoch 51 Prec 0.9121699545440315 

TRAIN SCORES epoch 51 Recall 0.9082872928176795 

TRAIN SCORES epoch 51 F1 0.9064692897902469 


VAL SCORES epoch 51 Total loss 1.3865 

VAL SCORES epoch 51 Prec 0.6722291293156745 

VAL SCORES epoch 51 Recall 0.6576271186440678 

VAL SCORES epoch 51 F1 0.6512457065975531 


[93m EarlyStopping counter: 2 out of 7 [0m
ALERT!!! Shared variable is shared by encoder_input_embeddings and decoder_input_embeddings
delta training:   0%|          | 0/91 [00:00<?, ?batches/s]
ALERT!!! Shared variable is shared by encoder_input_embeddings and decoder_input_embeddings
gamma training:   0%|          | 0/91 [00:00<?, ?batches/s]
gamma training:   0%|          | 0/91 [00:00<?, ?batches/s]
TRAIN SCORES epoch 52 Total loss 0.7353 

TRAIN SCORES epoch 52 Prec 0.9191642815885921 

TRAIN SCORES epoch 52 Recall 0.9154696132596685 

TRAIN SCORES epoch 52 F1 0.9146093660889526 


VAL SCORES epoch 52 Total loss 1.4055 

VAL SCORES epoch 52 Prec 0.6547876428225642 

VAL SCORES epoch 52 Recall 0.6474576271186441 

VAL SCORES epoch 52 F1 0.6395909285138761 


[93m EarlyStopping counter: 3 out of 7 [0m
ALERT!!! Shared variable is shared by encoder_input_embeddings and decoder_input_embeddings
delta training:   0%|          | 0/91 [00:00<?, ?batches/s]
ALERT!!! Shared variable is shared by encoder_input_embeddings and decoder_input_embeddings
gamma training:   0%|          | 0/91 [00:00<?, ?batches/s]
gamma training:   0%|          | 0/91 [00:00<?, ?batches/s]
TRAIN SCORES epoch 53 Total loss 0.7232 

TRAIN SCORES epoch 53 Prec 0.9279292383981533 

TRAIN SCORES epoch 53 Recall 0.9248618784530387 

TRAIN SCORES epoch 53 F1 0.9235714810166604 


VAL SCORES epoch 53 Total loss 1.3865 

VAL SCORES epoch 53 Prec 0.6564043655469379 

VAL SCORES epoch 53 Recall 0.6508474576271186 

VAL SCORES epoch 53 F1 0.6441813894394288 


[93m EarlyStopping counter: 4 out of 7 [0m
ALERT!!! Shared variable is shared by encoder_input_embeddings and decoder_input_embeddings
delta training:   0%|          | 0/91 [00:00<?, ?batches/s]
ALERT!!! Shared variable is shared by encoder_input_embeddings and decoder_input_embeddings
gamma training:   0%|          | 0/91 [00:00<?, ?batches/s]
gamma training:   0%|          | 0/91 [00:00<?, ?batches/s]
TRAIN SCORES epoch 54 Total loss 0.7198 

TRAIN SCORES epoch 54 Prec 0.9289864108138386 

TRAIN SCORES epoch 54 Recall 0.9248618784530387 

TRAIN SCORES epoch 54 F1 0.9245445299674203 


VAL SCORES epoch 54 Total loss 1.4361 

VAL SCORES epoch 54 Prec 0.6537768684447253 

VAL SCORES epoch 54 Recall 0.6406779661016949 

VAL SCORES epoch 54 F1 0.6377909944876354 


[93m EarlyStopping counter: 5 out of 7 [0m
Early Stopping TEST SCORES (not the best ones) epoch 54 Total loss 1.5507 

Early Stopping TEST SCORES (not the best ones) epoch 54 Prec 0.6029878365948727 

Early Stopping TEST SCORES (not the best ones) epoch 54 Recall 0.5694915254237288 

Early Stopping TEST SCORES (not the best ones) epoch 54 F1 0.5695530912604917 


ALERT!!! Shared variable is shared by encoder_input_embeddings and decoder_input_embeddings
delta training:   0%|          | 0/91 [00:00<?, ?batches/s]
ALERT!!! Shared variable is shared by encoder_input_embeddings and decoder_input_embeddings
gamma training:   0%|          | 0/91 [00:00<?, ?batches/s]
gamma training:   0%|          | 0/91 [00:00<?, ?batches/s]
TRAIN SCORES epoch 55 Total loss 0.7041 

TRAIN SCORES epoch 55 Prec 0.9285939853291394 

TRAIN SCORES epoch 55 Recall 0.9270718232044199 

TRAIN SCORES epoch 55 F1 0.9258164396885538 


VAL SCORES epoch 55 Total loss 1.3947 

VAL SCORES epoch 55 Prec 0.6785276787298038 

VAL SCORES epoch 55 Recall 0.6508474576271186 

VAL SCORES epoch 55 F1 0.6441319166264625 


[93m EarlyStopping counter: 6 out of 7 [0m
ALERT!!! Shared variable is shared by encoder_input_embeddings and decoder_input_embeddings
delta training:   0%|          | 0/91 [00:00<?, ?batches/s]
ALERT!!! Shared variable is shared by encoder_input_embeddings and decoder_input_embeddings
gamma training:   0%|          | 0/91 [00:00<?, ?batches/s]
gamma training:   0%|          | 0/91 [00:00<?, ?batches/s]
TRAIN SCORES epoch 56 Total loss 0.6781 

TRAIN SCORES epoch 56 Prec 0.9336747177204588 

TRAIN SCORES epoch 56 Recall 0.9331491712707183 

TRAIN SCORES epoch 56 F1 0.9326133289415407 


VAL SCORES epoch 56 Total loss 1.3549 

VAL SCORES epoch 56 Prec 0.6605896089322922 

VAL SCORES epoch 56 Recall 0.6610169491525424 

VAL SCORES epoch 56 F1 0.654797847457749 


[93m EarlyStopping counter: 7 out of 7 [0m
